CRITICAL - 2023-03-13 00:01:42 --> Undefined array key "codigo"
in APPPATH\Views\paises\paises.php on line 29.
 1 APPPATH\Views\paises\paises.php(29): CodeIgniter\Debug\Exceptions->errorHandler(2, 'Undefined array key "codigo"', 'C:\\xampp\\htdocs\\proyecto_dan\\app\\Views\\paises\\paises.php', 29)
 2 SYSTEMPATH\View\View.php(213): include('C:\\xampp\\htdocs\\proyecto_dan\\app\\Views\\paises\\paises.php')
 3 SYSTEMPATH\View\View.php(216): CodeIgniter\View\View->CodeIgniter\View\{closure}()
 4 SYSTEMPATH\Common.php(1184): CodeIgniter\View\View->render('/paises/paises', [], true)
 5 APPPATH\Controllers\Paises.php(19): view('/paises/paises', [...])
 6 SYSTEMPATH\CodeIgniter.php(934): App\Controllers\Paises->index()
 7 SYSTEMPATH\CodeIgniter.php(499): CodeIgniter\CodeIgniter->runController(Object(App\Controllers\Paises))
 8 SYSTEMPATH\CodeIgniter.php(368): CodeIgniter\CodeIgniter->handleRequest(null, Object(Config\Cache), false)
 9 FCPATH\index.php(67): CodeIgniter\CodeIgniter->run()
CRITICAL - 2023-03-13 00:07:10 --> Undefined array key "codigo"
in APPPATH\Views\paises\paises.php on line 29.
 1 APPPATH\Views\paises\paises.php(29): CodeIgniter\Debug\Exceptions->errorHandler(2, 'Undefined array key "codigo"', 'C:\\xampp\\htdocs\\proyecto_dan\\app\\Views\\paises\\paises.php', 29)
 2 SYSTEMPATH\View\View.php(213): include('C:\\xampp\\htdocs\\proyecto_dan\\app\\Views\\paises\\paises.php')
 3 SYSTEMPATH\View\View.php(216): CodeIgniter\View\View->CodeIgniter\View\{closure}()
 4 SYSTEMPATH\Common.php(1184): CodeIgniter\View\View->render('/paises/paises', [], true)
 5 APPPATH\Controllers\Paises.php(19): view('/paises/paises', [...])
 6 SYSTEMPATH\CodeIgniter.php(934): App\Controllers\Paises->index()
 7 SYSTEMPATH\CodeIgniter.php(499): CodeIgniter\CodeIgniter->runController(Object(App\Controllers\Paises))
 8 SYSTEMPATH\CodeIgniter.php(368): CodeIgniter\CodeIgniter->handleRequest(null, Object(Config\Cache), false)
 9 FCPATH\index.php(67): CodeIgniter\CodeIgniter->run()
CRITICAL - 2023-03-13 00:09:59 --> Undefined array key "codigo"
in APPPATH\Views\paises\paises.php on line 29.
 1 APPPATH\Views\paises\paises.php(29): CodeIgniter\Debug\Exceptions->errorHandler(2, 'Undefined array key "codigo"', 'C:\\xampp\\htdocs\\proyecto_dan\\app\\Views\\paises\\paises.php', 29)
 2 SYSTEMPATH\View\View.php(213): include('C:\\xampp\\htdocs\\proyecto_dan\\app\\Views\\paises\\paises.php')
 3 SYSTEMPATH\View\View.php(216): CodeIgniter\View\View->CodeIgniter\View\{closure}()
 4 SYSTEMPATH\Common.php(1184): CodeIgniter\View\View->render('/paises/paises', [], true)
 5 APPPATH\Controllers\Paises.php(19): view('/paises/paises', [...])
 6 SYSTEMPATH\CodeIgniter.php(934): App\Controllers\Paises->index()
 7 SYSTEMPATH\CodeIgniter.php(499): CodeIgniter\CodeIgniter->runController(Object(App\Controllers\Paises))
 8 SYSTEMPATH\CodeIgniter.php(368): CodeIgniter\CodeIgniter->handleRequest(null, Object(Config\Cache), false)
 9 FCPATH\index.php(67): CodeIgniter\CodeIgniter->run()
CRITICAL - 2023-03-13 00:12:11 --> Undefined array key "codigo"
in APPPATH\Views\paises\paises.php on line 29.
 1 APPPATH\Views\paises\paises.php(29): CodeIgniter\Debug\Exceptions->errorHandler(2, 'Undefined array key "codigo"', 'C:\\xampp\\htdocs\\proyecto_dan\\app\\Views\\paises\\paises.php', 29)
 2 SYSTEMPATH\View\View.php(213): include('C:\\xampp\\htdocs\\proyecto_dan\\app\\Views\\paises\\paises.php')
 3 SYSTEMPATH\View\View.php(216): CodeIgniter\View\View->CodeIgniter\View\{closure}()
 4 SYSTEMPATH\Common.php(1184): CodeIgniter\View\View->render('/paises/paises', [], true)
 5 APPPATH\Controllers\Paises.php(19): view('/paises/paises', [...])
 6 SYSTEMPATH\CodeIgniter.php(934): App\Controllers\Paises->index()
 7 SYSTEMPATH\CodeIgniter.php(499): CodeIgniter\CodeIgniter->runController(Object(App\Controllers\Paises))
 8 SYSTEMPATH\CodeIgniter.php(368): CodeIgniter\CodeIgniter->handleRequest(null, Object(Config\Cache), false)
 9 FCPATH\index.php(67): CodeIgniter\CodeIgniter->run()
CRITICAL - 2023-03-13 00:12:15 --> Undefined array key "codigo"
in APPPATH\Views\paises\paises.php on line 29.
 1 APPPATH\Views\paises\paises.php(29): CodeIgniter\Debug\Exceptions->errorHandler(2, 'Undefined array key "codigo"', 'C:\\xampp\\htdocs\\proyecto_dan\\app\\Views\\paises\\paises.php', 29)
 2 SYSTEMPATH\View\View.php(213): include('C:\\xampp\\htdocs\\proyecto_dan\\app\\Views\\paises\\paises.php')
 3 SYSTEMPATH\View\View.php(216): CodeIgniter\View\View->CodeIgniter\View\{closure}()
 4 SYSTEMPATH\Common.php(1184): CodeIgniter\View\View->render('/paises/paises', [], true)
 5 APPPATH\Controllers\Paises.php(19): view('/paises/paises', [...])
 6 SYSTEMPATH\CodeIgniter.php(934): App\Controllers\Paises->index()
 7 SYSTEMPATH\CodeIgniter.php(499): CodeIgniter\CodeIgniter->runController(Object(App\Controllers\Paises))
 8 SYSTEMPATH\CodeIgniter.php(368): CodeIgniter\CodeIgniter->handleRequest(null, Object(Config\Cache), false)
 9 FCPATH\index.php(67): CodeIgniter\CodeIgniter->run()
CRITICAL - 2023-03-13 00:12:16 --> Undefined array key "codigo"
in APPPATH\Views\paises\paises.php on line 29.
 1 APPPATH\Views\paises\paises.php(29): CodeIgniter\Debug\Exceptions->errorHandler(2, 'Undefined array key "codigo"', 'C:\\xampp\\htdocs\\proyecto_dan\\app\\Views\\paises\\paises.php', 29)
 2 SYSTEMPATH\View\View.php(213): include('C:\\xampp\\htdocs\\proyecto_dan\\app\\Views\\paises\\paises.php')
 3 SYSTEMPATH\View\View.php(216): CodeIgniter\View\View->CodeIgniter\View\{closure}()
 4 SYSTEMPATH\Common.php(1184): CodeIgniter\View\View->render('/paises/paises', [], true)
 5 APPPATH\Controllers\Paises.php(19): view('/paises/paises', [...])
 6 SYSTEMPATH\CodeIgniter.php(934): App\Controllers\Paises->index()
 7 SYSTEMPATH\CodeIgniter.php(499): CodeIgniter\CodeIgniter->runController(Object(App\Controllers\Paises))
 8 SYSTEMPATH\CodeIgniter.php(368): CodeIgniter\CodeIgniter->handleRequest(null, Object(Config\Cache), false)
 9 FCPATH\index.php(67): CodeIgniter\CodeIgniter->run()
CRITICAL - 2023-03-13 01:00:50 --> Undefined array key "codigo"
in APPPATH\Views\paises\paises.php on line 29.
 1 APPPATH\Views\paises\paises.php(29): CodeIgniter\Debug\Exceptions->errorHandler(2, 'Undefined array key "codigo"', 'C:\\xampp\\htdocs\\proyecto_dan\\app\\Views\\paises\\paises.php', 29)
 2 SYSTEMPATH\View\View.php(213): include('C:\\xampp\\htdocs\\proyecto_dan\\app\\Views\\paises\\paises.php')
 3 SYSTEMPATH\View\View.php(216): CodeIgniter\View\View->CodeIgniter\View\{closure}()
 4 SYSTEMPATH\Common.php(1184): CodeIgniter\View\View->render('/paises/paises', [], true)
 5 APPPATH\Controllers\Paises.php(19): view('/paises/paises', [...])
 6 SYSTEMPATH\CodeIgniter.php(934): App\Controllers\Paises->index()
 7 SYSTEMPATH\CodeIgniter.php(499): CodeIgniter\CodeIgniter->runController(Object(App\Controllers\Paises))
 8 SYSTEMPATH\CodeIgniter.php(368): CodeIgniter\CodeIgniter->handleRequest(null, Object(Config\Cache), false)
 9 FCPATH\index.php(67): CodeIgniter\CodeIgniter->run()
CRITICAL - 2023-03-13 01:23:02 --> Undefined variable $paises
in APPPATH\Views\departamentos\departamentos.php on line 27.
 1 APPPATH\Views\departamentos\departamentos.php(27): CodeIgniter\Debug\Exceptions->errorHandler(2, 'Undefined variable $paises', 'C:\\xampp\\htdocs\\proyecto_dan\\app\\Views\\departamentos\\departamentos.php', 27)
 2 SYSTEMPATH\View\View.php(213): include('C:\\xampp\\htdocs\\proyecto_dan\\app\\Views\\departamentos\\departamentos.php')
 3 SYSTEMPATH\View\View.php(216): CodeIgniter\View\View->CodeIgniter\View\{closure}()
 4 SYSTEMPATH\Common.php(1184): CodeIgniter\View\View->render('/departamentos/departamentos', [], true)
 5 APPPATH\Controllers\Departamentos.php(19): view('/departamentos/departamentos', [...])
 6 SYSTEMPATH\CodeIgniter.php(934): App\Controllers\Departamentos->index()
 7 SYSTEMPATH\CodeIgniter.php(499): CodeIgniter\CodeIgniter->runController(Object(App\Controllers\Departamentos))
 8 SYSTEMPATH\CodeIgniter.php(368): CodeIgniter\CodeIgniter->handleRequest(null, Object(Config\Cache), false)
 9 FCPATH\index.php(67): CodeIgniter\CodeIgniter->run()
CRITICAL - 2023-03-13 01:23:05 --> Undefined variable $paises
in APPPATH\Views\departamentos\departamentos.php on line 27.
 1 APPPATH\Views\departamentos\departamentos.php(27): CodeIgniter\Debug\Exceptions->errorHandler(2, 'Undefined variable $paises', 'C:\\xampp\\htdocs\\proyecto_dan\\app\\Views\\departamentos\\departamentos.php', 27)
 2 SYSTEMPATH\View\View.php(213): include('C:\\xampp\\htdocs\\proyecto_dan\\app\\Views\\departamentos\\departamentos.php')
 3 SYSTEMPATH\View\View.php(216): CodeIgniter\View\View->CodeIgniter\View\{closure}()
 4 SYSTEMPATH\Common.php(1184): CodeIgniter\View\View->render('/departamentos/departamentos', [], true)
 5 APPPATH\Controllers\Departamentos.php(19): view('/departamentos/departamentos', [...])
 6 SYSTEMPATH\CodeIgniter.php(934): App\Controllers\Departamentos->index()
 7 SYSTEMPATH\CodeIgniter.php(499): CodeIgniter\CodeIgniter->runController(Object(App\Controllers\Departamentos))
 8 SYSTEMPATH\CodeIgniter.php(368): CodeIgniter\CodeIgniter->handleRequest(null, Object(Config\Cache), false)
 9 FCPATH\index.php(67): CodeIgniter\CodeIgniter->run()
CRITICAL - 2023-03-13 03:44:32 --> Undefined variable $cargos
in APPPATH\Controllers\Cargos.php on line 26.
 1 APPPATH\Controllers\Cargos.php(26): CodeIgniter\Debug\Exceptions->errorHandler(2, 'Undefined variable $cargos', 'C:\\xampp\\htdocs\\proyecto_dan\\app\\Controllers\\Cargos.php', 26)
 2 SYSTEMPATH\Router\AutoRouter.php(147): include_once('C:\\xampp\\htdocs\\proyecto_dan\\app\\Controllers\\Cargos.php')
 3 SYSTEMPATH\Router\Router.php(507): CodeIgniter\Router\AutoRouter->getRoute('cargos')
 4 SYSTEMPATH\Router\Router.php(206): CodeIgniter\Router\Router->autoRoute('cargos')
 5 SYSTEMPATH\CodeIgniter.php(815): CodeIgniter\Router\Router->handle('cargos')
 6 SYSTEMPATH\CodeIgniter.php(449): CodeIgniter\CodeIgniter->tryToRouteIt(Object(CodeIgniter\Router\RouteCollection))
 7 SYSTEMPATH\CodeIgniter.php(368): CodeIgniter\CodeIgniter->handleRequest(null, Object(Config\Cache), false)
 8 FCPATH\index.php(67): CodeIgniter\CodeIgniter->run()
CRITICAL - 2023-03-13 03:44:41 --> Undefined variable $cargos
in APPPATH\Controllers\Cargos.php on line 26.
 1 APPPATH\Controllers\Cargos.php(26): CodeIgniter\Debug\Exceptions->errorHandler(2, 'Undefined variable $cargos', 'C:\\xampp\\htdocs\\proyecto_dan\\app\\Controllers\\Cargos.php', 26)
 2 SYSTEMPATH\Router\AutoRouter.php(147): include_once('C:\\xampp\\htdocs\\proyecto_dan\\app\\Controllers\\Cargos.php')
 3 SYSTEMPATH\Router\Router.php(507): CodeIgniter\Router\AutoRouter->getRoute('cargos')
 4 SYSTEMPATH\Router\Router.php(206): CodeIgniter\Router\Router->autoRoute('cargos')
 5 SYSTEMPATH\CodeIgniter.php(815): CodeIgniter\Router\Router->handle('cargos')
 6 SYSTEMPATH\CodeIgniter.php(449): CodeIgniter\CodeIgniter->tryToRouteIt(Object(CodeIgniter\Router\RouteCollection))
 7 SYSTEMPATH\CodeIgniter.php(368): CodeIgniter\CodeIgniter->handleRequest(null, Object(Config\Cache), false)
 8 FCPATH\index.php(67): CodeIgniter\CodeIgniter->run()
CRITICAL - 2023-03-13 03:44:46 --> Undefined variable $cargos
in APPPATH\Controllers\Cargos.php on line 26.
 1 APPPATH\Controllers\Cargos.php(26): CodeIgniter\Debug\Exceptions->errorHandler(2, 'Undefined variable $cargos', 'C:\\xampp\\htdocs\\proyecto_dan\\app\\Controllers\\Cargos.php', 26)
 2 SYSTEMPATH\Router\AutoRouter.php(147): include_once('C:\\xampp\\htdocs\\proyecto_dan\\app\\Controllers\\Cargos.php')
 3 SYSTEMPATH\Router\Router.php(507): CodeIgniter\Router\AutoRouter->getRoute('cargos')
 4 SYSTEMPATH\Router\Router.php(206): CodeIgniter\Router\Router->autoRoute('cargos')
 5 SYSTEMPATH\CodeIgniter.php(815): CodeIgniter\Router\Router->handle('cargos')
 6 SYSTEMPATH\CodeIgniter.php(449): CodeIgniter\CodeIgniter->tryToRouteIt(Object(CodeIgniter\Router\RouteCollection))
 7 SYSTEMPATH\CodeIgniter.php(368): CodeIgniter\CodeIgniter->handleRequest(null, Object(Config\Cache), false)
 8 FCPATH\index.php(67): CodeIgniter\CodeIgniter->run()
CRITICAL - 2023-03-13 03:45:38 --> Undefined variable $cargos
in APPPATH\Controllers\Cargos.php on line 26.
 1 APPPATH\Controllers\Cargos.php(26): CodeIgniter\Debug\Exceptions->errorHandler(2, 'Undefined variable $cargos', 'C:\\xampp\\htdocs\\proyecto_dan\\app\\Controllers\\Cargos.php', 26)
 2 SYSTEMPATH\Router\AutoRouter.php(147): include_once('C:\\xampp\\htdocs\\proyecto_dan\\app\\Controllers\\Cargos.php')
 3 SYSTEMPATH\Router\Router.php(507): CodeIgniter\Router\AutoRouter->getRoute('cargos')
 4 SYSTEMPATH\Router\Router.php(206): CodeIgniter\Router\Router->autoRoute('cargos')
 5 SYSTEMPATH\CodeIgniter.php(815): CodeIgniter\Router\Router->handle('cargos')
 6 SYSTEMPATH\CodeIgniter.php(449): CodeIgniter\CodeIgniter->tryToRouteIt(Object(CodeIgniter\Router\RouteCollection))
 7 SYSTEMPATH\CodeIgniter.php(368): CodeIgniter\CodeIgniter->handleRequest(null, Object(Config\Cache), false)
 8 FCPATH\index.php(67): CodeIgniter\CodeIgniter->run()
CRITICAL - 2023-03-13 03:45:39 --> Undefined variable $cargos
in APPPATH\Controllers\Cargos.php on line 26.
 1 APPPATH\Controllers\Cargos.php(26): CodeIgniter\Debug\Exceptions->errorHandler(2, 'Undefined variable $cargos', 'C:\\xampp\\htdocs\\proyecto_dan\\app\\Controllers\\Cargos.php', 26)
 2 SYSTEMPATH\Router\AutoRouter.php(147): include_once('C:\\xampp\\htdocs\\proyecto_dan\\app\\Controllers\\Cargos.php')
 3 SYSTEMPATH\Router\Router.php(507): CodeIgniter\Router\AutoRouter->getRoute('cargos')
 4 SYSTEMPATH\Router\Router.php(206): CodeIgniter\Router\Router->autoRoute('cargos')
 5 SYSTEMPATH\CodeIgniter.php(815): CodeIgniter\Router\Router->handle('cargos')
 6 SYSTEMPATH\CodeIgniter.php(449): CodeIgniter\CodeIgniter->tryToRouteIt(Object(CodeIgniter\Router\RouteCollection))
 7 SYSTEMPATH\CodeIgniter.php(368): CodeIgniter\CodeIgniter->handleRequest(null, Object(Config\Cache), false)
 8 FCPATH\index.php(67): CodeIgniter\CodeIgniter->run()
CRITICAL - 2023-03-13 03:45:44 --> Undefined variable $cargos
in APPPATH\Controllers\Cargos.php on line 26.
 1 APPPATH\Controllers\Cargos.php(26): CodeIgniter\Debug\Exceptions->errorHandler(2, 'Undefined variable $cargos', 'C:\\xampp\\htdocs\\proyecto_dan\\app\\Controllers\\Cargos.php', 26)
 2 SYSTEMPATH\Router\AutoRouter.php(147): include_once('C:\\xampp\\htdocs\\proyecto_dan\\app\\Controllers\\Cargos.php')
 3 SYSTEMPATH\Router\Router.php(507): CodeIgniter\Router\AutoRouter->getRoute('cargos')
 4 SYSTEMPATH\Router\Router.php(206): CodeIgniter\Router\Router->autoRoute('cargos')
 5 SYSTEMPATH\CodeIgniter.php(815): CodeIgniter\Router\Router->handle('cargos')
 6 SYSTEMPATH\CodeIgniter.php(449): CodeIgniter\CodeIgniter->tryToRouteIt(Object(CodeIgniter\Router\RouteCollection))
 7 SYSTEMPATH\CodeIgniter.php(368): CodeIgniter\CodeIgniter->handleRequest(null, Object(Config\Cache), false)
 8 FCPATH\index.php(67): CodeIgniter\CodeIgniter->run()
CRITICAL - 2023-03-13 03:45:51 --> Undefined variable $cargos
in APPPATH\Controllers\Cargos.php on line 26.
 1 APPPATH\Controllers\Cargos.php(26): CodeIgniter\Debug\Exceptions->errorHandler(2, 'Undefined variable $cargos', 'C:\\xampp\\htdocs\\proyecto_dan\\app\\Controllers\\Cargos.php', 26)
 2 SYSTEMPATH\Router\AutoRouter.php(147): include_once('C:\\xampp\\htdocs\\proyecto_dan\\app\\Controllers\\Cargos.php')
 3 SYSTEMPATH\Router\Router.php(507): CodeIgniter\Router\AutoRouter->getRoute('cargos')
 4 SYSTEMPATH\Router\Router.php(206): CodeIgniter\Router\Router->autoRoute('cargos')
 5 SYSTEMPATH\CodeIgniter.php(815): CodeIgniter\Router\Router->handle('cargos')
 6 SYSTEMPATH\CodeIgniter.php(449): CodeIgniter\CodeIgniter->tryToRouteIt(Object(CodeIgniter\Router\RouteCollection))
 7 SYSTEMPATH\CodeIgniter.php(368): CodeIgniter\CodeIgniter->handleRequest(null, Object(Config\Cache), false)
 8 FCPATH\index.php(67): CodeIgniter\CodeIgniter->run()
CRITICAL - 2023-03-13 03:48:09 --> Undefined variable $cargos
in APPPATH\Controllers\Cargos.php on line 26.
 1 APPPATH\Controllers\Cargos.php(26): CodeIgniter\Debug\Exceptions->errorHandler(2, 'Undefined variable $cargos', 'C:\\xampp\\htdocs\\proyecto_dan\\app\\Controllers\\Cargos.php', 26)
 2 SYSTEMPATH\Router\AutoRouter.php(147): include_once('C:\\xampp\\htdocs\\proyecto_dan\\app\\Controllers\\Cargos.php')
 3 SYSTEMPATH\Router\Router.php(507): CodeIgniter\Router\AutoRouter->getRoute('cargos')
 4 SYSTEMPATH\Router\Router.php(206): CodeIgniter\Router\Router->autoRoute('cargos')
 5 SYSTEMPATH\CodeIgniter.php(815): CodeIgniter\Router\Router->handle('cargos')
 6 SYSTEMPATH\CodeIgniter.php(449): CodeIgniter\CodeIgniter->tryToRouteIt(Object(CodeIgniter\Router\RouteCollection))
 7 SYSTEMPATH\CodeIgniter.php(368): CodeIgniter\CodeIgniter->handleRequest(null, Object(Config\Cache), false)
 8 FCPATH\index.php(67): CodeIgniter\CodeIgniter->run()
CRITICAL - 2023-03-13 03:49:19 --> Undefined variable $cargos
in APPPATH\Controllers\Cargos.php on line 26.
 1 APPPATH\Controllers\Cargos.php(26): CodeIgniter\Debug\Exceptions->errorHandler(2, 'Undefined variable $cargos', 'C:\\xampp\\htdocs\\proyecto_dan\\app\\Controllers\\Cargos.php', 26)
 2 SYSTEMPATH\Router\AutoRouter.php(147): include_once('C:\\xampp\\htdocs\\proyecto_dan\\app\\Controllers\\Cargos.php')
 3 SYSTEMPATH\Router\Router.php(507): CodeIgniter\Router\AutoRouter->getRoute('cargos')
 4 SYSTEMPATH\Router\Router.php(206): CodeIgniter\Router\Router->autoRoute('cargos')
 5 SYSTEMPATH\CodeIgniter.php(815): CodeIgniter\Router\Router->handle('cargos')
 6 SYSTEMPATH\CodeIgniter.php(449): CodeIgniter\CodeIgniter->tryToRouteIt(Object(CodeIgniter\Router\RouteCollection))
 7 SYSTEMPATH\CodeIgniter.php(368): CodeIgniter\CodeIgniter->handleRequest(null, Object(Config\Cache), false)
 8 FCPATH\index.php(67): CodeIgniter\CodeIgniter->run()
CRITICAL - 2023-03-13 03:49:23 --> Undefined variable $cargos
in APPPATH\Controllers\Cargos.php on line 26.
 1 APPPATH\Controllers\Cargos.php(26): CodeIgniter\Debug\Exceptions->errorHandler(2, 'Undefined variable $cargos', 'C:\\xampp\\htdocs\\proyecto_dan\\app\\Controllers\\Cargos.php', 26)
 2 SYSTEMPATH\Router\AutoRouter.php(147): include_once('C:\\xampp\\htdocs\\proyecto_dan\\app\\Controllers\\Cargos.php')
 3 SYSTEMPATH\Router\Router.php(507): CodeIgniter\Router\AutoRouter->getRoute('cargos')
 4 SYSTEMPATH\Router\Router.php(206): CodeIgniter\Router\Router->autoRoute('cargos')
 5 SYSTEMPATH\CodeIgniter.php(815): CodeIgniter\Router\Router->handle('cargos')
 6 SYSTEMPATH\CodeIgniter.php(449): CodeIgniter\CodeIgniter->tryToRouteIt(Object(CodeIgniter\Router\RouteCollection))
 7 SYSTEMPATH\CodeIgniter.php(368): CodeIgniter\CodeIgniter->handleRequest(null, Object(Config\Cache), false)
 8 FCPATH\index.php(67): CodeIgniter\CodeIgniter->run()
CRITICAL - 2023-03-13 03:50:39 --> Undefined variable $cargos
in APPPATH\Controllers\Cargos.php on line 26.
 1 APPPATH\Controllers\Cargos.php(26): CodeIgniter\Debug\Exceptions->errorHandler(2, 'Undefined variable $cargos', 'C:\\xampp\\htdocs\\proyecto_dan\\app\\Controllers\\Cargos.php', 26)
 2 SYSTEMPATH\Router\AutoRouter.php(147): include_once('C:\\xampp\\htdocs\\proyecto_dan\\app\\Controllers\\Cargos.php')
 3 SYSTEMPATH\Router\Router.php(507): CodeIgniter\Router\AutoRouter->getRoute('cargos')
 4 SYSTEMPATH\Router\Router.php(206): CodeIgniter\Router\Router->autoRoute('cargos')
 5 SYSTEMPATH\CodeIgniter.php(815): CodeIgniter\Router\Router->handle('cargos')
 6 SYSTEMPATH\CodeIgniter.php(449): CodeIgniter\CodeIgniter->tryToRouteIt(Object(CodeIgniter\Router\RouteCollection))
 7 SYSTEMPATH\CodeIgniter.php(368): CodeIgniter\CodeIgniter->handleRequest(null, Object(Config\Cache), false)
 8 FCPATH\index.php(67): CodeIgniter\CodeIgniter->run()
CRITICAL - 2023-03-13 03:50:41 --> Undefined variable $cargos
in APPPATH\Controllers\Cargos.php on line 26.
 1 APPPATH\Controllers\Cargos.php(26): CodeIgniter\Debug\Exceptions->errorHandler(2, 'Undefined variable $cargos', 'C:\\xampp\\htdocs\\proyecto_dan\\app\\Controllers\\Cargos.php', 26)
 2 SYSTEMPATH\Router\AutoRouter.php(147): include_once('C:\\xampp\\htdocs\\proyecto_dan\\app\\Controllers\\Cargos.php')
 3 SYSTEMPATH\Router\Router.php(507): CodeIgniter\Router\AutoRouter->getRoute('cargos')
 4 SYSTEMPATH\Router\Router.php(206): CodeIgniter\Router\Router->autoRoute('cargos')
 5 SYSTEMPATH\CodeIgniter.php(815): CodeIgniter\Router\Router->handle('cargos')
 6 SYSTEMPATH\CodeIgniter.php(449): CodeIgniter\CodeIgniter->tryToRouteIt(Object(CodeIgniter\Router\RouteCollection))
 7 SYSTEMPATH\CodeIgniter.php(368): CodeIgniter\CodeIgniter->handleRequest(null, Object(Config\Cache), false)
 8 FCPATH\index.php(67): CodeIgniter\CodeIgniter->run()
CRITICAL - 2023-03-13 03:50:42 --> Undefined variable $cargos
in APPPATH\Controllers\Cargos.php on line 26.
 1 APPPATH\Controllers\Cargos.php(26): CodeIgniter\Debug\Exceptions->errorHandler(2, 'Undefined variable $cargos', 'C:\\xampp\\htdocs\\proyecto_dan\\app\\Controllers\\Cargos.php', 26)
 2 SYSTEMPATH\Router\AutoRouter.php(147): include_once('C:\\xampp\\htdocs\\proyecto_dan\\app\\Controllers\\Cargos.php')
 3 SYSTEMPATH\Router\Router.php(507): CodeIgniter\Router\AutoRouter->getRoute('cargos')
 4 SYSTEMPATH\Router\Router.php(206): CodeIgniter\Router\Router->autoRoute('cargos')
 5 SYSTEMPATH\CodeIgniter.php(815): CodeIgniter\Router\Router->handle('cargos')
 6 SYSTEMPATH\CodeIgniter.php(449): CodeIgniter\CodeIgniter->tryToRouteIt(Object(CodeIgniter\Router\RouteCollection))
 7 SYSTEMPATH\CodeIgniter.php(368): CodeIgniter\CodeIgniter->handleRequest(null, Object(Config\Cache), false)
 8 FCPATH\index.php(67): CodeIgniter\CodeIgniter->run()
CRITICAL - 2023-03-13 03:50:50 --> Undefined variable $cargos
in APPPATH\Controllers\Cargos.php on line 26.
 1 APPPATH\Controllers\Cargos.php(26): CodeIgniter\Debug\Exceptions->errorHandler(2, 'Undefined variable $cargos', 'C:\\xampp\\htdocs\\proyecto_dan\\app\\Controllers\\Cargos.php', 26)
 2 SYSTEMPATH\Router\AutoRouter.php(147): include_once('C:\\xampp\\htdocs\\proyecto_dan\\app\\Controllers\\Cargos.php')
 3 SYSTEMPATH\Router\Router.php(507): CodeIgniter\Router\AutoRouter->getRoute('cargos')
 4 SYSTEMPATH\Router\Router.php(206): CodeIgniter\Router\Router->autoRoute('cargos')
 5 SYSTEMPATH\CodeIgniter.php(815): CodeIgniter\Router\Router->handle('cargos')
 6 SYSTEMPATH\CodeIgniter.php(449): CodeIgniter\CodeIgniter->tryToRouteIt(Object(CodeIgniter\Router\RouteCollection))
 7 SYSTEMPATH\CodeIgniter.php(368): CodeIgniter\CodeIgniter->handleRequest(null, Object(Config\Cache), false)
 8 FCPATH\index.php(67): CodeIgniter\CodeIgniter->run()
CRITICAL - 2023-03-13 03:55:27 --> Undefined variable $cargos
in APPPATH\Controllers\Cargos.php on line 26.
 1 APPPATH\Controllers\Cargos.php(26): CodeIgniter\Debug\Exceptions->errorHandler(2, 'Undefined variable $cargos', 'C:\\xampp\\htdocs\\proyecto_dan\\app\\Controllers\\Cargos.php', 26)
 2 SYSTEMPATH\Router\AutoRouter.php(147): include_once('C:\\xampp\\htdocs\\proyecto_dan\\app\\Controllers\\Cargos.php')
 3 SYSTEMPATH\Router\Router.php(507): CodeIgniter\Router\AutoRouter->getRoute('cargos')
 4 SYSTEMPATH\Router\Router.php(206): CodeIgniter\Router\Router->autoRoute('cargos')
 5 SYSTEMPATH\CodeIgniter.php(815): CodeIgniter\Router\Router->handle('cargos')
 6 SYSTEMPATH\CodeIgniter.php(449): CodeIgniter\CodeIgniter->tryToRouteIt(Object(CodeIgniter\Router\RouteCollection))
 7 SYSTEMPATH\CodeIgniter.php(368): CodeIgniter\CodeIgniter->handleRequest(null, Object(Config\Cache), false)
 8 FCPATH\index.php(67): CodeIgniter\CodeIgniter->run()
CRITICAL - 2023-03-13 03:56:37 --> Undefined variable $cargos
in APPPATH\Controllers\Cargos.php on line 26.
 1 APPPATH\Controllers\Cargos.php(26): CodeIgniter\Debug\Exceptions->errorHandler(2, 'Undefined variable $cargos', 'C:\\xampp\\htdocs\\proyecto_dan\\app\\Controllers\\Cargos.php', 26)
 2 SYSTEMPATH\Router\AutoRouter.php(147): include_once('C:\\xampp\\htdocs\\proyecto_dan\\app\\Controllers\\Cargos.php')
 3 SYSTEMPATH\Router\Router.php(507): CodeIgniter\Router\AutoRouter->getRoute('cargos')
 4 SYSTEMPATH\Router\Router.php(206): CodeIgniter\Router\Router->autoRoute('cargos')
 5 SYSTEMPATH\CodeIgniter.php(815): CodeIgniter\Router\Router->handle('cargos')
 6 SYSTEMPATH\CodeIgniter.php(449): CodeIgniter\CodeIgniter->tryToRouteIt(Object(CodeIgniter\Router\RouteCollection))
 7 SYSTEMPATH\CodeIgniter.php(368): CodeIgniter\CodeIgniter->handleRequest(null, Object(Config\Cache), false)
 8 FCPATH\index.php(67): CodeIgniter\CodeIgniter->run()
CRITICAL - 2023-03-13 03:58:43 --> Undefined variable $cargos
in APPPATH\Controllers\Cargos.php on line 26.
 1 APPPATH\Controllers\Cargos.php(26): CodeIgniter\Debug\Exceptions->errorHandler(2, 'Undefined variable $cargos', 'C:\\xampp\\htdocs\\proyecto_dan\\app\\Controllers\\Cargos.php', 26)
 2 SYSTEMPATH\Router\AutoRouter.php(147): include_once('C:\\xampp\\htdocs\\proyecto_dan\\app\\Controllers\\Cargos.php')
 3 SYSTEMPATH\Router\Router.php(507): CodeIgniter\Router\AutoRouter->getRoute('cargos')
 4 SYSTEMPATH\Router\Router.php(206): CodeIgniter\Router\Router->autoRoute('cargos')
 5 SYSTEMPATH\CodeIgniter.php(815): CodeIgniter\Router\Router->handle('cargos')
 6 SYSTEMPATH\CodeIgniter.php(449): CodeIgniter\CodeIgniter->tryToRouteIt(Object(CodeIgniter\Router\RouteCollection))
 7 SYSTEMPATH\CodeIgniter.php(368): CodeIgniter\CodeIgniter->handleRequest(null, Object(Config\Cache), false)
 8 FCPATH\index.php(67): CodeIgniter\CodeIgniter->run()
CRITICAL - 2023-03-13 03:58:51 --> Undefined variable $cargos
in APPPATH\Controllers\Cargos.php on line 26.
 1 APPPATH\Controllers\Cargos.php(26): CodeIgniter\Debug\Exceptions->errorHandler(2, 'Undefined variable $cargos', 'C:\\xampp\\htdocs\\proyecto_dan\\app\\Controllers\\Cargos.php', 26)
 2 SYSTEMPATH\Router\AutoRouter.php(147): include_once('C:\\xampp\\htdocs\\proyecto_dan\\app\\Controllers\\Cargos.php')
 3 SYSTEMPATH\Router\Router.php(507): CodeIgniter\Router\AutoRouter->getRoute('cargos')
 4 SYSTEMPATH\Router\Router.php(206): CodeIgniter\Router\Router->autoRoute('cargos')
 5 SYSTEMPATH\CodeIgniter.php(815): CodeIgniter\Router\Router->handle('cargos')
 6 SYSTEMPATH\CodeIgniter.php(449): CodeIgniter\CodeIgniter->tryToRouteIt(Object(CodeIgniter\Router\RouteCollection))
 7 SYSTEMPATH\CodeIgniter.php(368): CodeIgniter\CodeIgniter->handleRequest(null, Object(Config\Cache), false)
 8 FCPATH\index.php(67): CodeIgniter\CodeIgniter->run()
CRITICAL - 2023-03-13 03:59:11 --> Undefined variable $cargos
in APPPATH\Controllers\Cargos.php on line 26.
 1 APPPATH\Controllers\Cargos.php(26): CodeIgniter\Debug\Exceptions->errorHandler(2, 'Undefined variable $cargos', 'C:\\xampp\\htdocs\\proyecto_dan\\app\\Controllers\\Cargos.php', 26)
 2 SYSTEMPATH\Router\AutoRouter.php(147): include_once('C:\\xampp\\htdocs\\proyecto_dan\\app\\Controllers\\Cargos.php')
 3 SYSTEMPATH\Router\Router.php(507): CodeIgniter\Router\AutoRouter->getRoute('cargos')
 4 SYSTEMPATH\Router\Router.php(206): CodeIgniter\Router\Router->autoRoute('cargos')
 5 SYSTEMPATH\CodeIgniter.php(815): CodeIgniter\Router\Router->handle('cargos')
 6 SYSTEMPATH\CodeIgniter.php(449): CodeIgniter\CodeIgniter->tryToRouteIt(Object(CodeIgniter\Router\RouteCollection))
 7 SYSTEMPATH\CodeIgniter.php(368): CodeIgniter\CodeIgniter->handleRequest(null, Object(Config\Cache), false)
 8 FCPATH\index.php(67): CodeIgniter\CodeIgniter->run()
CRITICAL - 2023-03-13 04:05:09 --> Undefined variable $cargos
in APPPATH\Controllers\Cargos.php on line 26.
 1 APPPATH\Controllers\Cargos.php(26): CodeIgniter\Debug\Exceptions->errorHandler(2, 'Undefined variable $cargos', 'C:\\xampp\\htdocs\\proyecto_dan\\app\\Controllers\\Cargos.php', 26)
 2 SYSTEMPATH\Router\AutoRouter.php(147): include_once('C:\\xampp\\htdocs\\proyecto_dan\\app\\Controllers\\Cargos.php')
 3 SYSTEMPATH\Router\Router.php(507): CodeIgniter\Router\AutoRouter->getRoute('cargos')
 4 SYSTEMPATH\Router\Router.php(206): CodeIgniter\Router\Router->autoRoute('cargos')
 5 SYSTEMPATH\CodeIgniter.php(815): CodeIgniter\Router\Router->handle('cargos')
 6 SYSTEMPATH\CodeIgniter.php(449): CodeIgniter\CodeIgniter->tryToRouteIt(Object(CodeIgniter\Router\RouteCollection))
 7 SYSTEMPATH\CodeIgniter.php(368): CodeIgniter\CodeIgniter->handleRequest(null, Object(Config\Cache), false)
 8 FCPATH\index.php(67): CodeIgniter\CodeIgniter->run()
CRITICAL - 2023-03-13 04:21:36 --> Undefined variable $cargos
in APPPATH\Views\empleados\empleados.php on line 30.
 1 APPPATH\Views\empleados\empleados.php(30): CodeIgniter\Debug\Exceptions->errorHandler(2, 'Undefined variable $cargos', 'C:\\xampp\\htdocs\\proyecto_dan\\app\\Views\\empleados\\empleados.php', 30)
 2 SYSTEMPATH\View\View.php(213): include('C:\\xampp\\htdocs\\proyecto_dan\\app\\Views\\empleados\\empleados.php')
 3 SYSTEMPATH\View\View.php(216): CodeIgniter\View\View->CodeIgniter\View\{closure}()
 4 SYSTEMPATH\Common.php(1184): CodeIgniter\View\View->render('/empleados/empleados', [], true)
 5 APPPATH\Controllers\Empleados.php(19): view('/empleados/empleados', [...])
 6 SYSTEMPATH\CodeIgniter.php(934): App\Controllers\Empleados->index()
 7 SYSTEMPATH\CodeIgniter.php(499): CodeIgniter\CodeIgniter->runController(Object(App\Controllers\Empleados))
 8 SYSTEMPATH\CodeIgniter.php(368): CodeIgniter\CodeIgniter->handleRequest(null, Object(Config\Cache), false)
 9 FCPATH\index.php(67): CodeIgniter\CodeIgniter->run()
CRITICAL - 2023-03-13 04:21:43 --> Undefined variable $cargos
in APPPATH\Views\empleados\empleados.php on line 30.
 1 APPPATH\Views\empleados\empleados.php(30): CodeIgniter\Debug\Exceptions->errorHandler(2, 'Undefined variable $cargos', 'C:\\xampp\\htdocs\\proyecto_dan\\app\\Views\\empleados\\empleados.php', 30)
 2 SYSTEMPATH\View\View.php(213): include('C:\\xampp\\htdocs\\proyecto_dan\\app\\Views\\empleados\\empleados.php')
 3 SYSTEMPATH\View\View.php(216): CodeIgniter\View\View->CodeIgniter\View\{closure}()
 4 SYSTEMPATH\Common.php(1184): CodeIgniter\View\View->render('/empleados/empleados', [], true)
 5 APPPATH\Controllers\Empleados.php(19): view('/empleados/empleados', [...])
 6 SYSTEMPATH\CodeIgniter.php(934): App\Controllers\Empleados->index()
 7 SYSTEMPATH\CodeIgniter.php(499): CodeIgniter\CodeIgniter->runController(Object(App\Controllers\Empleados))
 8 SYSTEMPATH\CodeIgniter.php(368): CodeIgniter\CodeIgniter->handleRequest(null, Object(Config\Cache), false)
 9 FCPATH\index.php(67): CodeIgniter\CodeIgniter->run()
ERROR - 2023-03-13 04:48:01 --> Error connecting to the database: mysqli_sql_exception: No se puede establecer una conexión ya que el equipo de destino denegó expresamente dicha conexión in C:\xampp\htdocs\proyecto_dan\system\Database\MySQLi\Connection.php:174
Stack trace:
#0 C:\xampp\htdocs\proyecto_dan\system\Database\MySQLi\Connection.php(174): mysqli->real_connect('localhost', 'root', '', 'bd_taller', 3306, '', 0)
#1 C:\xampp\htdocs\proyecto_dan\system\Database\BaseConnection.php(391): CodeIgniter\Database\MySQLi\Connection->connect(false)
#2 C:\xampp\htdocs\proyecto_dan\system\Database\BaseConnection.php(573): CodeIgniter\Database\BaseConnection->initialize()
#3 C:\xampp\htdocs\proyecto_dan\system\Database\BaseBuilder.php(1616): CodeIgniter\Database\BaseConnection->query('SELECT *\nFROM `...', Array, false)
#4 C:\xampp\htdocs\proyecto_dan\system\Model.php(241): CodeIgniter\Database\BaseBuilder->get()
#5 C:\xampp\htdocs\proyecto_dan\system\BaseModel.php(618): CodeIgniter\Model->doFindAll(0, 0)
#6 C:\xampp\htdocs\proyecto_dan\app\Controllers\Paises.php(16): CodeIgniter\BaseModel->findAll()
#7 C:\xampp\htdocs\proyecto_dan\system\CodeIgniter.php(934): App\Controllers\Paises->index()
#8 C:\xampp\htdocs\proyecto_dan\system\CodeIgniter.php(499): CodeIgniter\CodeIgniter->runController(Object(App\Controllers\Paises))
#9 C:\xampp\htdocs\proyecto_dan\system\CodeIgniter.php(368): CodeIgniter\CodeIgniter->handleRequest(NULL, Object(Config\Cache), false)
#10 C:\xampp\htdocs\proyecto_dan\public\index.php(67): CodeIgniter\CodeIgniter->run()
#11 {main}

Next CodeIgniter\Database\Exceptions\DatabaseException: No se puede establecer una conexión ya que el equipo de destino denegó expresamente dicha conexión in C:\xampp\htdocs\proyecto_dan\system\Database\MySQLi\Connection.php:218
Stack trace:
#0 C:\xampp\htdocs\proyecto_dan\system\Database\BaseConnection.php(391): CodeIgniter\Database\MySQLi\Connection->connect(false)
#1 C:\xampp\htdocs\proyecto_dan\system\Database\BaseConnection.php(573): CodeIgniter\Database\BaseConnection->initialize()
#2 C:\xampp\htdocs\proyecto_dan\system\Database\BaseBuilder.php(1616): CodeIgniter\Database\BaseConnection->query('SELECT *\nFROM `...', Array, false)
#3 C:\xampp\htdocs\proyecto_dan\system\Model.php(241): CodeIgniter\Database\BaseBuilder->get()
#4 C:\xampp\htdocs\proyecto_dan\system\BaseModel.php(618): CodeIgniter\Model->doFindAll(0, 0)
#5 C:\xampp\htdocs\proyecto_dan\app\Controllers\Paises.php(16): CodeIgniter\BaseModel->findAll()
#6 C:\xampp\htdocs\proyecto_dan\system\CodeIgniter.php(934): App\Controllers\Paises->index()
#7 C:\xampp\htdocs\proyecto_dan\system\CodeIgniter.php(499): CodeIgniter\CodeIgniter->runController(Object(App\Controllers\Paises))
#8 C:\xampp\htdocs\proyecto_dan\system\CodeIgniter.php(368): CodeIgniter\CodeIgniter->handleRequest(NULL, Object(Config\Cache), false)
#9 C:\xampp\htdocs\proyecto_dan\public\index.php(67): CodeIgniter\CodeIgniter->run()
#10 {main}
CRITICAL - 2023-03-13 04:48:01 --> Unable to connect to the database.
Main connection [MySQLi]: No se puede establecer una conexión ya que el equipo de destino denegó expresamente dicha conexión
in SYSTEMPATH\Database\BaseConnection.php on line 427.
 1 SYSTEMPATH\Database\BaseConnection.php(573): CodeIgniter\Database\BaseConnection->initialize()
 2 SYSTEMPATH\Database\BaseBuilder.php(1616): CodeIgniter\Database\BaseConnection->query('SELECT *
FROM `paises`
WHERE `estado` = :estado:', [...], false)
 3 SYSTEMPATH\Model.php(241): CodeIgniter\Database\BaseBuilder->get()
 4 SYSTEMPATH\BaseModel.php(618): CodeIgniter\Model->doFindAll(0, 0)
 5 APPPATH\Controllers\Paises.php(16): CodeIgniter\BaseModel->findAll()
 6 SYSTEMPATH\CodeIgniter.php(934): App\Controllers\Paises->index()
 7 SYSTEMPATH\CodeIgniter.php(499): CodeIgniter\CodeIgniter->runController(Object(App\Controllers\Paises))
 8 SYSTEMPATH\CodeIgniter.php(368): CodeIgniter\CodeIgniter->handleRequest(null, Object(Config\Cache), false)
 9 FCPATH\index.php(67): CodeIgniter\CodeIgniter->run()
