CRITICAL - 2023-04-04 00:12:32 --> The framework needs the following extension(s) installed and loaded: intl.
in SYSTEMPATH\CodeIgniter.php on line 226.
 1 SYSTEMPATH\CodeIgniter.php(226): CodeIgniter\Exceptions\FrameworkException::forMissingExtension('intl')
 2 SYSTEMPATH\CodeIgniter.php(190): CodeIgniter\CodeIgniter->resolvePlatformExtensions()
 3 FCPATH\index.php(55): CodeIgniter\CodeIgniter->initialize()
CRITICAL - 2023-04-04 00:12:36 --> The framework needs the following extension(s) installed and loaded: intl.
in SYSTEMPATH\CodeIgniter.php on line 226.
 1 SYSTEMPATH\CodeIgniter.php(226): CodeIgniter\Exceptions\FrameworkException::forMissingExtension('intl')
 2 SYSTEMPATH\CodeIgniter.php(190): CodeIgniter\CodeIgniter->resolvePlatformExtensions()
 3 FCPATH\index.php(55): CodeIgniter\CodeIgniter->initialize()
CRITICAL - 2023-04-04 00:12:50 --> The framework needs the following extension(s) installed and loaded: intl.
in SYSTEMPATH\CodeIgniter.php on line 226.
 1 SYSTEMPATH\CodeIgniter.php(226): CodeIgniter\Exceptions\FrameworkException::forMissingExtension('intl')
 2 SYSTEMPATH\CodeIgniter.php(190): CodeIgniter\CodeIgniter->resolvePlatformExtensions()
 3 FCPATH\index.php(55): CodeIgniter\CodeIgniter->initialize()
CRITICAL - 2023-04-04 00:13:14 --> The framework needs the following extension(s) installed and loaded: intl.
in SYSTEMPATH\CodeIgniter.php on line 226.
 1 SYSTEMPATH\CodeIgniter.php(226): CodeIgniter\Exceptions\FrameworkException::forMissingExtension('intl')
 2 SYSTEMPATH\CodeIgniter.php(190): CodeIgniter\CodeIgniter->resolvePlatformExtensions()
 3 FCPATH\index.php(55): CodeIgniter\CodeIgniter->initialize()
CRITICAL - 2023-04-04 00:04:28 --> Call to a member function library() on null
in APPPATH\Controllers\Paises.php on line 17.
 1 SYSTEMPATH\CodeIgniter.php(906): App\Controllers\Paises->__construct()
 2 SYSTEMPATH\CodeIgniter.php(490): CodeIgniter\CodeIgniter->createController()
 3 SYSTEMPATH\CodeIgniter.php(368): CodeIgniter\CodeIgniter->handleRequest(null, Object(Config\Cache), false)
 4 FCPATH\index.php(67): CodeIgniter\CodeIgniter->run()
CRITICAL - 2023-04-04 00:05:46 --> Call to a member function library() on null
in APPPATH\Controllers\Paises.php on line 17.
 1 SYSTEMPATH\CodeIgniter.php(906): App\Controllers\Paises->__construct()
 2 SYSTEMPATH\CodeIgniter.php(490): CodeIgniter\CodeIgniter->createController()
 3 SYSTEMPATH\CodeIgniter.php(368): CodeIgniter\CodeIgniter->handleRequest(null, Object(Config\Cache), false)
 4 FCPATH\index.php(67): CodeIgniter\CodeIgniter->run()
CRITICAL - 2023-04-04 00:06:09 --> Call to a member function library() on null
in APPPATH\Controllers\Paises.php on line 17.
 1 SYSTEMPATH\CodeIgniter.php(906): App\Controllers\Paises->__construct()
 2 SYSTEMPATH\CodeIgniter.php(490): CodeIgniter\CodeIgniter->createController()
 3 SYSTEMPATH\CodeIgniter.php(368): CodeIgniter\CodeIgniter->handleRequest(null, Object(Config\Cache), false)
 4 FCPATH\index.php(67): CodeIgniter\CodeIgniter->run()
CRITICAL - 2023-04-04 00:06:59 --> syntax error, unexpected token ";", expecting variable
in APPPATH\Controllers\Paises.php on line 12.
 1 SYSTEMPATH\Router\Router.php(507): CodeIgniter\Router\AutoRouter->getRoute('paises')
 2 SYSTEMPATH\Router\Router.php(206): CodeIgniter\Router\Router->autoRoute('paises')
 3 SYSTEMPATH\CodeIgniter.php(815): CodeIgniter\Router\Router->handle('paises')
 4 SYSTEMPATH\CodeIgniter.php(449): CodeIgniter\CodeIgniter->tryToRouteIt(Object(CodeIgniter\Router\RouteCollection))
 5 SYSTEMPATH\CodeIgniter.php(368): CodeIgniter\CodeIgniter->handleRequest(null, Object(Config\Cache), false)
 6 FCPATH\index.php(67): CodeIgniter\CodeIgniter->run()
CRITICAL - 2023-04-04 00:07:23 --> Call to a member function library() on null
in APPPATH\Controllers\Paises.php on line 17.
 1 SYSTEMPATH\CodeIgniter.php(906): App\Controllers\Paises->__construct()
 2 SYSTEMPATH\CodeIgniter.php(490): CodeIgniter\CodeIgniter->createController()
 3 SYSTEMPATH\CodeIgniter.php(368): CodeIgniter\CodeIgniter->handleRequest(null, Object(Config\Cache), false)
 4 FCPATH\index.php(67): CodeIgniter\CodeIgniter->run()
CRITICAL - 2023-04-04 00:08:15 --> Call to a member function Library() on null
in APPPATH\Controllers\Paises.php on line 17.
 1 SYSTEMPATH\CodeIgniter.php(906): App\Controllers\Paises->__construct()
 2 SYSTEMPATH\CodeIgniter.php(490): CodeIgniter\CodeIgniter->createController()
 3 SYSTEMPATH\CodeIgniter.php(368): CodeIgniter\CodeIgniter->handleRequest(null, Object(Config\Cache), false)
 4 FCPATH\index.php(67): CodeIgniter\CodeIgniter->run()
CRITICAL - 2023-04-04 00:14:01 --> CodeIgniter\HTTP\Request::fetchGlobal(): Argument #3 ($filter) must be of type ?int, string given, called in C:\xampp\htdocs\proyecto_dan\system\HTTP\IncomingRequest.php on line 782
in SYSTEMPATH\HTTP\RequestTrait.php on line 249.
 1 SYSTEMPATH\HTTP\IncomingRequest.php(782): CodeIgniter\HTTP\Request->fetchGlobal('post', 'codigo', 'required|numeric', null)
 2 APPPATH\Controllers\Paises.php(45): CodeIgniter\HTTP\IncomingRequest->getPost('codigo', 'required|numeric')
 3 SYSTEMPATH\CodeIgniter.php(934): App\Controllers\Paises->insertarPaises()
 4 SYSTEMPATH\CodeIgniter.php(499): CodeIgniter\CodeIgniter->runController(Object(App\Controllers\Paises))
 5 SYSTEMPATH\CodeIgniter.php(368): CodeIgniter\CodeIgniter->handleRequest(null, Object(Config\Cache), false)
 6 FCPATH\index.php(67): CodeIgniter\CodeIgniter->run()
CRITICAL - 2023-04-04 00:15:04 --> CodeIgniter\HTTP\Request::fetchGlobal(): Argument #3 ($filter) must be of type ?int, string given, called in C:\xampp\htdocs\proyecto_dan\system\HTTP\IncomingRequest.php on line 782
in SYSTEMPATH\HTTP\RequestTrait.php on line 249.
 1 SYSTEMPATH\HTTP\IncomingRequest.php(782): CodeIgniter\HTTP\Request->fetchGlobal('post', 'codigo', 'required|numeric', null)
 2 APPPATH\Controllers\Paises.php(45): CodeIgniter\HTTP\IncomingRequest->getPost('codigo', 'required|numeric')
 3 SYSTEMPATH\CodeIgniter.php(934): App\Controllers\Paises->insertarPaises()
 4 SYSTEMPATH\CodeIgniter.php(499): CodeIgniter\CodeIgniter->runController(Object(App\Controllers\Paises))
 5 SYSTEMPATH\CodeIgniter.php(368): CodeIgniter\CodeIgniter->handleRequest(null, Object(Config\Cache), false)
 6 FCPATH\index.php(67): CodeIgniter\CodeIgniter->run()
CRITICAL - 2023-04-04 00:16:03 --> CodeIgniter\HTTP\Request::fetchGlobal(): Argument #3 ($filter) must be of type ?int, string given, called in C:\xampp\htdocs\proyecto_dan\system\HTTP\IncomingRequest.php on line 782
in SYSTEMPATH\HTTP\RequestTrait.php on line 249.
 1 SYSTEMPATH\HTTP\IncomingRequest.php(782): CodeIgniter\HTTP\Request->fetchGlobal('post', 'codigo', 'required|numeric', null)
 2 APPPATH\Controllers\Paises.php(45): CodeIgniter\HTTP\IncomingRequest->getPost('codigo', 'required|numeric')
 3 SYSTEMPATH\CodeIgniter.php(934): App\Controllers\Paises->insertarPaises()
 4 SYSTEMPATH\CodeIgniter.php(499): CodeIgniter\CodeIgniter->runController(Object(App\Controllers\Paises))
 5 SYSTEMPATH\CodeIgniter.php(368): CodeIgniter\CodeIgniter->handleRequest(null, Object(Config\Cache), false)
 6 FCPATH\index.php(67): CodeIgniter\CodeIgniter->run()
CRITICAL - 2023-04-04 00:28:16 --> CodeIgniter\HTTP\Request::fetchGlobal(): Argument #3 ($filter) must be of type ?int, string given, called in C:\xampp\htdocs\proyecto_dan\system\HTTP\IncomingRequest.php on line 782
in SYSTEMPATH\HTTP\RequestTrait.php on line 249.
 1 SYSTEMPATH\HTTP\IncomingRequest.php(782): CodeIgniter\HTTP\Request->fetchGlobal('post', 'codigo', 'required|numeric', null)
 2 APPPATH\Controllers\Paises.php(45): CodeIgniter\HTTP\IncomingRequest->getPost('codigo', 'required|numeric')
 3 SYSTEMPATH\CodeIgniter.php(934): App\Controllers\Paises->insertarPaises()
 4 SYSTEMPATH\CodeIgniter.php(499): CodeIgniter\CodeIgniter->runController(Object(App\Controllers\Paises))
 5 SYSTEMPATH\CodeIgniter.php(368): CodeIgniter\CodeIgniter->handleRequest(null, Object(Config\Cache), false)
 6 FCPATH\index.php(67): CodeIgniter\CodeIgniter->run()
CRITICAL - 2023-04-04 00:34:17 --> CodeIgniter\HTTP\Request::fetchGlobal(): Argument #3 ($filter) must be of type ?int, string given, called in C:\xampp\htdocs\proyecto_dan\system\HTTP\IncomingRequest.php on line 782
in SYSTEMPATH\HTTP\RequestTrait.php on line 249.
 1 SYSTEMPATH\HTTP\IncomingRequest.php(782): CodeIgniter\HTTP\Request->fetchGlobal('post', 'codigo', 'required|numeric', null)
 2 APPPATH\Controllers\Paises.php(45): CodeIgniter\HTTP\IncomingRequest->getPost('codigo', 'required|numeric')
 3 SYSTEMPATH\CodeIgniter.php(934): App\Controllers\Paises->insertarPaises()
 4 SYSTEMPATH\CodeIgniter.php(499): CodeIgniter\CodeIgniter->runController(Object(App\Controllers\Paises))
 5 SYSTEMPATH\CodeIgniter.php(368): CodeIgniter\CodeIgniter->handleRequest(null, Object(Config\Cache), false)
 6 FCPATH\index.php(67): CodeIgniter\CodeIgniter->run()
CRITICAL - 2023-04-04 00:34:54 --> CodeIgniter\HTTP\Request::fetchGlobal(): Argument #3 ($filter) must be of type ?int, string given, called in C:\xampp\htdocs\proyecto_dan\system\HTTP\IncomingRequest.php on line 782
in SYSTEMPATH\HTTP\RequestTrait.php on line 249.
 1 SYSTEMPATH\HTTP\IncomingRequest.php(782): CodeIgniter\HTTP\Request->fetchGlobal('post', 'codigo', 'required|numeric', null)
 2 APPPATH\Controllers\Paises.php(45): CodeIgniter\HTTP\IncomingRequest->getPost('codigo', 'required|numeric')
 3 SYSTEMPATH\CodeIgniter.php(934): App\Controllers\Paises->insertarPaises()
 4 SYSTEMPATH\CodeIgniter.php(499): CodeIgniter\CodeIgniter->runController(Object(App\Controllers\Paises))
 5 SYSTEMPATH\CodeIgniter.php(368): CodeIgniter\CodeIgniter->handleRequest(null, Object(Config\Cache), false)
 6 FCPATH\index.php(67): CodeIgniter\CodeIgniter->run()
CRITICAL - 2023-04-04 00:35:34 --> CodeIgniter\HTTP\Request::fetchGlobal(): Argument #3 ($filter) must be of type ?int, string given, called in C:\xampp\htdocs\proyecto_dan\system\HTTP\IncomingRequest.php on line 782
in SYSTEMPATH\HTTP\RequestTrait.php on line 249.
 1 SYSTEMPATH\HTTP\IncomingRequest.php(782): CodeIgniter\HTTP\Request->fetchGlobal('post', 'codigo', 'required|numeric', null)
 2 APPPATH\Controllers\Paises.php(45): CodeIgniter\HTTP\IncomingRequest->getPost('codigo', 'required|numeric')
 3 SYSTEMPATH\CodeIgniter.php(934): App\Controllers\Paises->insertarPaises()
 4 SYSTEMPATH\CodeIgniter.php(499): CodeIgniter\CodeIgniter->runController(Object(App\Controllers\Paises))
 5 SYSTEMPATH\CodeIgniter.php(368): CodeIgniter\CodeIgniter->handleRequest(null, Object(Config\Cache), false)
 6 FCPATH\index.php(67): CodeIgniter\CodeIgniter->run()
CRITICAL - 2023-04-04 00:35:44 --> CodeIgniter\HTTP\Request::fetchGlobal(): Argument #3 ($filter) must be of type ?int, string given, called in C:\xampp\htdocs\proyecto_dan\system\HTTP\IncomingRequest.php on line 782
in SYSTEMPATH\HTTP\RequestTrait.php on line 249.
 1 SYSTEMPATH\HTTP\IncomingRequest.php(782): CodeIgniter\HTTP\Request->fetchGlobal('post', 'codigo', 'required|numeric', null)
 2 APPPATH\Controllers\Paises.php(45): CodeIgniter\HTTP\IncomingRequest->getPost('codigo', 'required|numeric')
 3 SYSTEMPATH\CodeIgniter.php(934): App\Controllers\Paises->insertarPaises()
 4 SYSTEMPATH\CodeIgniter.php(499): CodeIgniter\CodeIgniter->runController(Object(App\Controllers\Paises))
 5 SYSTEMPATH\CodeIgniter.php(368): CodeIgniter\CodeIgniter->handleRequest(null, Object(Config\Cache), false)
 6 FCPATH\index.php(67): CodeIgniter\CodeIgniter->run()
CRITICAL - 2023-04-04 00:35:56 --> CodeIgniter\HTTP\Request::fetchGlobal(): Argument #3 ($filter) must be of type ?int, string given, called in C:\xampp\htdocs\proyecto_dan\system\HTTP\IncomingRequest.php on line 782
in SYSTEMPATH\HTTP\RequestTrait.php on line 249.
 1 SYSTEMPATH\HTTP\IncomingRequest.php(782): CodeIgniter\HTTP\Request->fetchGlobal('post', 'codigo', 'required|numeric', null)
 2 APPPATH\Controllers\Paises.php(45): CodeIgniter\HTTP\IncomingRequest->getPost('codigo', 'required|numeric')
 3 SYSTEMPATH\CodeIgniter.php(934): App\Controllers\Paises->insertarPaises()
 4 SYSTEMPATH\CodeIgniter.php(499): CodeIgniter\CodeIgniter->runController(Object(App\Controllers\Paises))
 5 SYSTEMPATH\CodeIgniter.php(368): CodeIgniter\CodeIgniter->handleRequest(null, Object(Config\Cache), false)
 6 FCPATH\index.php(67): CodeIgniter\CodeIgniter->run()
CRITICAL - 2023-04-04 00:37:58 --> CodeIgniter\HTTP\Request::fetchGlobal(): Argument #3 ($filter) must be of type ?int, string given, called in C:\xampp\htdocs\proyecto_dan\system\HTTP\IncomingRequest.php on line 782
in SYSTEMPATH\HTTP\RequestTrait.php on line 249.
 1 SYSTEMPATH\HTTP\IncomingRequest.php(782): CodeIgniter\HTTP\Request->fetchGlobal('post', 'codigo', 'required|numeric', null)
 2 APPPATH\Controllers\Paises.php(45): CodeIgniter\HTTP\IncomingRequest->getPost('codigo', 'required|numeric')
 3 SYSTEMPATH\CodeIgniter.php(934): App\Controllers\Paises->insertarPaises()
 4 SYSTEMPATH\CodeIgniter.php(499): CodeIgniter\CodeIgniter->runController(Object(App\Controllers\Paises))
 5 SYSTEMPATH\CodeIgniter.php(368): CodeIgniter\CodeIgniter->handleRequest(null, Object(Config\Cache), false)
 6 FCPATH\index.php(67): CodeIgniter\CodeIgniter->run()
CRITICAL - 2023-04-04 00:40:16 --> CodeIgniter\HTTP\Request::fetchGlobal(): Argument #3 ($filter) must be of type ?int, string given, called in C:\xampp\htdocs\proyecto_dan\system\HTTP\IncomingRequest.php on line 782
in SYSTEMPATH\HTTP\RequestTrait.php on line 249.
 1 SYSTEMPATH\HTTP\IncomingRequest.php(782): CodeIgniter\HTTP\Request->fetchGlobal('post', 'codigo', 'required|numeric', null)
 2 APPPATH\Controllers\Paises.php(45): CodeIgniter\HTTP\IncomingRequest->getPost('codigo', 'required|numeric')
 3 SYSTEMPATH\CodeIgniter.php(934): App\Controllers\Paises->insertarPaises()
 4 SYSTEMPATH\CodeIgniter.php(499): CodeIgniter\CodeIgniter->runController(Object(App\Controllers\Paises))
 5 SYSTEMPATH\CodeIgniter.php(368): CodeIgniter\CodeIgniter->handleRequest(null, Object(Config\Cache), false)
 6 FCPATH\index.php(67): CodeIgniter\CodeIgniter->run()
CRITICAL - 2023-04-04 00:42:56 --> CodeIgniter\HTTP\Request::fetchGlobal(): Argument #3 ($filter) must be of type ?int, string given, called in C:\xampp\htdocs\proyecto_dan\system\HTTP\IncomingRequest.php on line 782
in SYSTEMPATH\HTTP\RequestTrait.php on line 249.
 1 SYSTEMPATH\HTTP\IncomingRequest.php(782): CodeIgniter\HTTP\Request->fetchGlobal('post', 'codigo', 'required|numeric', null)
 2 APPPATH\Controllers\Paises.php(45): CodeIgniter\HTTP\IncomingRequest->getPost('codigo', 'required|numeric')
 3 SYSTEMPATH\CodeIgniter.php(934): App\Controllers\Paises->insertarPaises()
 4 SYSTEMPATH\CodeIgniter.php(499): CodeIgniter\CodeIgniter->runController(Object(App\Controllers\Paises))
 5 SYSTEMPATH\CodeIgniter.php(368): CodeIgniter\CodeIgniter->handleRequest(null, Object(Config\Cache), false)
 6 FCPATH\index.php(67): CodeIgniter\CodeIgniter->run()
CRITICAL - 2023-04-04 00:59:04 --> CodeIgniter\HTTP\Request::fetchGlobal(): Argument #3 ($filter) must be of type ?int, string given, called in C:\xampp\htdocs\proyecto_dan\system\HTTP\IncomingRequest.php on line 782
in SYSTEMPATH\HTTP\RequestTrait.php on line 249.
 1 SYSTEMPATH\HTTP\IncomingRequest.php(782): CodeIgniter\HTTP\Request->fetchGlobal('post', 'codigo', 'required|numeric', null)
 2 APPPATH\Controllers\Paises.php(45): CodeIgniter\HTTP\IncomingRequest->getPost('codigo', 'required|numeric')
 3 SYSTEMPATH\CodeIgniter.php(934): App\Controllers\Paises->insertarPaises()
 4 SYSTEMPATH\CodeIgniter.php(499): CodeIgniter\CodeIgniter->runController(Object(App\Controllers\Paises))
 5 SYSTEMPATH\CodeIgniter.php(368): CodeIgniter\CodeIgniter->handleRequest(null, Object(Config\Cache), false)
 6 FCPATH\index.php(67): CodeIgniter\CodeIgniter->run()
CRITICAL - 2023-04-04 01:01:26 --> CodeIgniter\HTTP\Request::fetchGlobal(): Argument #3 ($filter) must be of type ?int, string given, called in C:\xampp\htdocs\proyecto_dan\system\HTTP\IncomingRequest.php on line 782
in SYSTEMPATH\HTTP\RequestTrait.php on line 249.
 1 SYSTEMPATH\HTTP\IncomingRequest.php(782): CodeIgniter\HTTP\Request->fetchGlobal('post', 'nombre', 'required|numeric', null)
 2 APPPATH\Controllers\Paises.php(50): CodeIgniter\HTTP\IncomingRequest->getPost('nombre', 'required|numeric')
 3 SYSTEMPATH\CodeIgniter.php(934): App\Controllers\Paises->insertarPaises()
 4 SYSTEMPATH\CodeIgniter.php(499): CodeIgniter\CodeIgniter->runController(Object(App\Controllers\Paises))
 5 SYSTEMPATH\CodeIgniter.php(368): CodeIgniter\CodeIgniter->handleRequest(null, Object(Config\Cache), false)
 6 FCPATH\index.php(67): CodeIgniter\CodeIgniter->run()
ERROR - 2023-04-04 01:02:11 --> mysqli_sql_exception: Duplicate entry '55' for key 'codigo' in C:\xampp\htdocs\proyecto_dan\system\Database\MySQLi\Connection.php:295
Stack trace:
#0 C:\xampp\htdocs\proyecto_dan\system\Database\MySQLi\Connection.php(295): mysqli->query('UPDATE `paises`...', 0)
#1 C:\xampp\htdocs\proyecto_dan\system\Database\BaseConnection.php(691): CodeIgniter\Database\MySQLi\Connection->execute('UPDATE `paises`...')
#2 C:\xampp\htdocs\proyecto_dan\system\Database\BaseConnection.php(605): CodeIgniter\Database\BaseConnection->simpleQuery('UPDATE `paises`...')
#3 C:\xampp\htdocs\proyecto_dan\system\Database\BaseBuilder.php(2476): CodeIgniter\Database\BaseConnection->query('UPDATE `paises`...', Array, false)
#4 C:\xampp\htdocs\proyecto_dan\system\Model.php(396): CodeIgniter\Database\BaseBuilder->update()
#5 C:\xampp\htdocs\proyecto_dan\system\BaseModel.php(943): CodeIgniter\Model->doUpdate(Array, Array)
#6 C:\xampp\htdocs\proyecto_dan\system\Model.php(756): CodeIgniter\BaseModel->update(Array, Array)
#7 C:\xampp\htdocs\proyecto_dan\app\Controllers\Paises.php(49): CodeIgniter\Model->update('1', Array)
#8 C:\xampp\htdocs\proyecto_dan\system\CodeIgniter.php(934): App\Controllers\Paises->insertarPaises()
#9 C:\xampp\htdocs\proyecto_dan\system\CodeIgniter.php(499): CodeIgniter\CodeIgniter->runController(Object(App\Controllers\Paises))
#10 C:\xampp\htdocs\proyecto_dan\system\CodeIgniter.php(368): CodeIgniter\CodeIgniter->handleRequest(NULL, Object(Config\Cache), false)
#11 C:\xampp\htdocs\proyecto_dan\public\index.php(67): CodeIgniter\CodeIgniter->run()
#12 {main}
CRITICAL - 2023-04-04 01:02:11 --> Duplicate entry '55' for key 'codigo'
in SYSTEMPATH\Database\BaseConnection.php on line 645.
 1 SYSTEMPATH\Database\BaseBuilder.php(2476): CodeIgniter\Database\BaseConnection->query('UPDATE `paises` SET `nombre` = :nombre:, `codigo` = :codigo:
WHERE `paises`.`id` IN :paises.id:', [...], false)
 2 SYSTEMPATH\Model.php(396): CodeIgniter\Database\BaseBuilder->update()
 3 SYSTEMPATH\BaseModel.php(943): CodeIgniter\Model->doUpdate([...], [...])
 4 SYSTEMPATH\Model.php(756): CodeIgniter\BaseModel->update([...], [...])
 5 APPPATH\Controllers\Paises.php(49): CodeIgniter\Model->update('1', [...])
 6 SYSTEMPATH\CodeIgniter.php(934): App\Controllers\Paises->insertarPaises()
 7 SYSTEMPATH\CodeIgniter.php(499): CodeIgniter\CodeIgniter->runController(Object(App\Controllers\Paises))
 8 SYSTEMPATH\CodeIgniter.php(368): CodeIgniter\CodeIgniter->handleRequest(null, Object(Config\Cache), false)
 9 FCPATH\index.php(67): CodeIgniter\CodeIgniter->run()
ERROR - 2023-04-04 01:05:39 --> mysqli_sql_exception: Column 'id_pais' cannot be null in C:\xampp\htdocs\proyecto_dan\system\Database\MySQLi\Connection.php:295
Stack trace:
#0 C:\xampp\htdocs\proyecto_dan\system\Database\MySQLi\Connection.php(295): mysqli->query('INSERT INTO `de...', 0)
#1 C:\xampp\htdocs\proyecto_dan\system\Database\BaseConnection.php(691): CodeIgniter\Database\MySQLi\Connection->execute('INSERT INTO `de...')
#2 C:\xampp\htdocs\proyecto_dan\system\Database\BaseConnection.php(605): CodeIgniter\Database\BaseConnection->simpleQuery('INSERT INTO `de...')
#3 C:\xampp\htdocs\proyecto_dan\system\Database\BaseBuilder.php(2309): CodeIgniter\Database\BaseConnection->query('INSERT INTO `de...', Array, false)
#4 C:\xampp\htdocs\proyecto_dan\system\Model.php(330): CodeIgniter\Database\BaseBuilder->insert()
#5 C:\xampp\htdocs\proyecto_dan\system\BaseModel.php(782): CodeIgniter\Model->doInsert(Array)
#6 C:\xampp\htdocs\proyecto_dan\system\Model.php(730): CodeIgniter\BaseModel->insert(Array, false)
#7 C:\xampp\htdocs\proyecto_dan\system\BaseModel.php(692): CodeIgniter\Model->insert(Array, false)
#8 C:\xampp\htdocs\proyecto_dan\app\Controllers\Departamentos.php(55): CodeIgniter\BaseModel->save(Array)
#9 C:\xampp\htdocs\proyecto_dan\system\CodeIgniter.php(934): App\Controllers\Departamentos->insertarDepartamentos()
#10 C:\xampp\htdocs\proyecto_dan\system\CodeIgniter.php(499): CodeIgniter\CodeIgniter->runController(Object(App\Controllers\Departamentos))
#11 C:\xampp\htdocs\proyecto_dan\system\CodeIgniter.php(368): CodeIgniter\CodeIgniter->handleRequest(NULL, Object(Config\Cache), false)
#12 C:\xampp\htdocs\proyecto_dan\public\index.php(67): CodeIgniter\CodeIgniter->run()
#13 {main}
CRITICAL - 2023-04-04 01:05:39 --> Column 'id_pais' cannot be null
in SYSTEMPATH\Database\BaseConnection.php on line 645.
 1 SYSTEMPATH\Database\BaseBuilder.php(2309): CodeIgniter\Database\BaseConnection->query('INSERT INTO `departamentos` (`id_pais`, `nombre`, `fecha_crea`) VALUES (:id_pais:, :nombre:, :fecha_crea:)', [...], false)
 2 SYSTEMPATH\Model.php(330): CodeIgniter\Database\BaseBuilder->insert()
 3 SYSTEMPATH\BaseModel.php(782): CodeIgniter\Model->doInsert([...])
 4 SYSTEMPATH\Model.php(730): CodeIgniter\BaseModel->insert([...], false)
 5 SYSTEMPATH\BaseModel.php(692): CodeIgniter\Model->insert([...], false)
 6 APPPATH\Controllers\Departamentos.php(55): CodeIgniter\BaseModel->save([...])
 7 SYSTEMPATH\CodeIgniter.php(934): App\Controllers\Departamentos->insertarDepartamentos()
 8 SYSTEMPATH\CodeIgniter.php(499): CodeIgniter\CodeIgniter->runController(Object(App\Controllers\Departamentos))
 9 SYSTEMPATH\CodeIgniter.php(368): CodeIgniter\CodeIgniter->handleRequest(null, Object(Config\Cache), false)
10 FCPATH\index.php(67): CodeIgniter\CodeIgniter->run()
CRITICAL - 2023-04-04 03:11:19 --> CodeIgniter\HTTP\Request::fetchGlobal(): Argument #3 ($filter) must be of type ?int, string given, called in C:\xampp\htdocs\proyecto_dan\system\HTTP\IncomingRequest.php on line 782
in SYSTEMPATH\HTTP\RequestTrait.php on line 249.
 1 SYSTEMPATH\HTTP\IncomingRequest.php(782): CodeIgniter\HTTP\Request->fetchGlobal('post', 'codigo', 'required|numeric', null)
 2 APPPATH\Controllers\Paises.php(45): CodeIgniter\HTTP\IncomingRequest->getPost('codigo', 'required|numeric')
 3 SYSTEMPATH\CodeIgniter.php(934): App\Controllers\Paises->insertarPaises()
 4 SYSTEMPATH\CodeIgniter.php(499): CodeIgniter\CodeIgniter->runController(Object(App\Controllers\Paises))
 5 SYSTEMPATH\CodeIgniter.php(368): CodeIgniter\CodeIgniter->handleRequest(null, Object(Config\Cache), false)
 6 FCPATH\index.php(67): CodeIgniter\CodeIgniter->run()
CRITICAL - 2023-04-04 03:11:34 --> CodeIgniter\HTTP\Request::fetchGlobal(): Argument #3 ($filter) must be of type ?int, string given, called in C:\xampp\htdocs\proyecto_dan\system\HTTP\IncomingRequest.php on line 782
in SYSTEMPATH\HTTP\RequestTrait.php on line 249.
 1 SYSTEMPATH\HTTP\IncomingRequest.php(782): CodeIgniter\HTTP\Request->fetchGlobal('post', 'codigo', 'required|numeric', null)
 2 APPPATH\Controllers\Paises.php(45): CodeIgniter\HTTP\IncomingRequest->getPost('codigo', 'required|numeric')
 3 SYSTEMPATH\CodeIgniter.php(934): App\Controllers\Paises->insertarPaises()
 4 SYSTEMPATH\CodeIgniter.php(499): CodeIgniter\CodeIgniter->runController(Object(App\Controllers\Paises))
 5 SYSTEMPATH\CodeIgniter.php(368): CodeIgniter\CodeIgniter->handleRequest(null, Object(Config\Cache), false)
 6 FCPATH\index.php(67): CodeIgniter\CodeIgniter->run()
CRITICAL - 2023-04-04 03:14:02 --> CodeIgniter\HTTP\Request::fetchGlobal(): Argument #3 ($filter) must be of type ?int, string given, called in C:\xampp\htdocs\proyecto_dan\system\HTTP\IncomingRequest.php on line 782
in SYSTEMPATH\HTTP\RequestTrait.php on line 249.
 1 SYSTEMPATH\HTTP\IncomingRequest.php(782): CodeIgniter\HTTP\Request->fetchGlobal('post', 'codigo', 'required|numeric', null)
 2 APPPATH\Controllers\Paises.php(45): CodeIgniter\HTTP\IncomingRequest->getPost('codigo', 'required|numeric')
 3 SYSTEMPATH\CodeIgniter.php(934): App\Controllers\Paises->insertarPaises()
 4 SYSTEMPATH\CodeIgniter.php(499): CodeIgniter\CodeIgniter->runController(Object(App\Controllers\Paises))
 5 SYSTEMPATH\CodeIgniter.php(368): CodeIgniter\CodeIgniter->handleRequest(null, Object(Config\Cache), false)
 6 FCPATH\index.php(67): CodeIgniter\CodeIgniter->run()
CRITICAL - 2023-04-04 03:14:24 --> CodeIgniter\HTTP\Request::fetchGlobal(): Argument #3 ($filter) must be of type ?int, string given, called in C:\xampp\htdocs\proyecto_dan\system\HTTP\IncomingRequest.php on line 782
in SYSTEMPATH\HTTP\RequestTrait.php on line 249.
 1 SYSTEMPATH\HTTP\IncomingRequest.php(782): CodeIgniter\HTTP\Request->fetchGlobal('post', 'codigo', 'required|numeric', null)
 2 APPPATH\Controllers\Paises.php(45): CodeIgniter\HTTP\IncomingRequest->getPost('codigo', 'required|numeric')
 3 SYSTEMPATH\CodeIgniter.php(934): App\Controllers\Paises->insertarPaises()
 4 SYSTEMPATH\CodeIgniter.php(499): CodeIgniter\CodeIgniter->runController(Object(App\Controllers\Paises))
 5 SYSTEMPATH\CodeIgniter.php(368): CodeIgniter\CodeIgniter->handleRequest(null, Object(Config\Cache), false)
 6 FCPATH\index.php(67): CodeIgniter\CodeIgniter->run()
CRITICAL - 2023-04-04 05:35:50 --> CodeIgniter\HTTP\Request::fetchGlobal(): Argument #3 ($filter) must be of type ?int, string given, called in C:\xampp\htdocs\proyecto_dan\system\HTTP\IncomingRequest.php on line 782
in SYSTEMPATH\HTTP\RequestTrait.php on line 249.
 1 SYSTEMPATH\HTTP\IncomingRequest.php(782): CodeIgniter\HTTP\Request->fetchGlobal('post', 'codigo', 'required|numeric', null)
 2 APPPATH\Controllers\Paises.php(45): CodeIgniter\HTTP\IncomingRequest->getPost('codigo', 'required|numeric')
 3 SYSTEMPATH\CodeIgniter.php(934): App\Controllers\Paises->insertarPaises()
 4 SYSTEMPATH\CodeIgniter.php(499): CodeIgniter\CodeIgniter->runController(Object(App\Controllers\Paises))
 5 SYSTEMPATH\CodeIgniter.php(368): CodeIgniter\CodeIgniter->handleRequest(null, Object(Config\Cache), false)
 6 FCPATH\index.php(67): CodeIgniter\CodeIgniter->run()
CRITICAL - 2023-04-04 05:36:25 --> CodeIgniter\HTTP\Request::fetchGlobal(): Argument #3 ($filter) must be of type ?int, string given, called in C:\xampp\htdocs\proyecto_dan\system\HTTP\IncomingRequest.php on line 782
in SYSTEMPATH\HTTP\RequestTrait.php on line 249.
 1 SYSTEMPATH\HTTP\IncomingRequest.php(782): CodeIgniter\HTTP\Request->fetchGlobal('post', 'codigo', 'required|numeric', null)
 2 APPPATH\Controllers\Paises.php(45): CodeIgniter\HTTP\IncomingRequest->getPost('codigo', 'required|numeric')
 3 SYSTEMPATH\CodeIgniter.php(934): App\Controllers\Paises->insertarPaises()
 4 SYSTEMPATH\CodeIgniter.php(499): CodeIgniter\CodeIgniter->runController(Object(App\Controllers\Paises))
 5 SYSTEMPATH\CodeIgniter.php(368): CodeIgniter\CodeIgniter->handleRequest(null, Object(Config\Cache), false)
 6 FCPATH\index.php(67): CodeIgniter\CodeIgniter->run()
CRITICAL - 2023-04-04 05:37:14 --> CodeIgniter\HTTP\Request::fetchGlobal(): Argument #3 ($filter) must be of type ?int, string given, called in C:\xampp\htdocs\proyecto_dan\system\HTTP\IncomingRequest.php on line 782
in SYSTEMPATH\HTTP\RequestTrait.php on line 249.
 1 SYSTEMPATH\HTTP\IncomingRequest.php(782): CodeIgniter\HTTP\Request->fetchGlobal('post', 'codigo', 'required|numeric', null)
 2 APPPATH\Controllers\Paises.php(45): CodeIgniter\HTTP\IncomingRequest->getPost('codigo', 'required|numeric')
 3 SYSTEMPATH\CodeIgniter.php(934): App\Controllers\Paises->insertarPaises()
 4 SYSTEMPATH\CodeIgniter.php(499): CodeIgniter\CodeIgniter->runController(Object(App\Controllers\Paises))
 5 SYSTEMPATH\CodeIgniter.php(368): CodeIgniter\CodeIgniter->handleRequest(null, Object(Config\Cache), false)
 6 FCPATH\index.php(67): CodeIgniter\CodeIgniter->run()
CRITICAL - 2023-04-04 05:37:30 --> CodeIgniter\HTTP\Request::fetchGlobal(): Argument #3 ($filter) must be of type ?int, string given, called in C:\xampp\htdocs\proyecto_dan\system\HTTP\IncomingRequest.php on line 782
in SYSTEMPATH\HTTP\RequestTrait.php on line 249.
 1 SYSTEMPATH\HTTP\IncomingRequest.php(782): CodeIgniter\HTTP\Request->fetchGlobal('post', 'codigo', 'required|numeric', null)
 2 APPPATH\Controllers\Paises.php(45): CodeIgniter\HTTP\IncomingRequest->getPost('codigo', 'required|numeric')
 3 SYSTEMPATH\CodeIgniter.php(934): App\Controllers\Paises->insertarPaises()
 4 SYSTEMPATH\CodeIgniter.php(499): CodeIgniter\CodeIgniter->runController(Object(App\Controllers\Paises))
 5 SYSTEMPATH\CodeIgniter.php(368): CodeIgniter\CodeIgniter->handleRequest(null, Object(Config\Cache), false)
 6 FCPATH\index.php(67): CodeIgniter\CodeIgniter->run()
CRITICAL - 2023-04-04 05:38:48 --> CodeIgniter\HTTP\Request::fetchGlobal(): Argument #3 ($filter) must be of type ?int, string given, called in C:\xampp\htdocs\proyecto_dan\system\HTTP\IncomingRequest.php on line 782
in SYSTEMPATH\HTTP\RequestTrait.php on line 249.
 1 SYSTEMPATH\HTTP\IncomingRequest.php(782): CodeIgniter\HTTP\Request->fetchGlobal('post', 'codigo', 'required|numeric', null)
 2 APPPATH\Controllers\Paises.php(45): CodeIgniter\HTTP\IncomingRequest->getPost('codigo', 'required|numeric')
 3 SYSTEMPATH\CodeIgniter.php(934): App\Controllers\Paises->insertarPaises()
 4 SYSTEMPATH\CodeIgniter.php(499): CodeIgniter\CodeIgniter->runController(Object(App\Controllers\Paises))
 5 SYSTEMPATH\CodeIgniter.php(368): CodeIgniter\CodeIgniter->handleRequest(null, Object(Config\Cache), false)
 6 FCPATH\index.php(67): CodeIgniter\CodeIgniter->run()
CRITICAL - 2023-04-04 05:38:55 --> CodeIgniter\HTTP\Request::fetchGlobal(): Argument #3 ($filter) must be of type ?int, string given, called in C:\xampp\htdocs\proyecto_dan\system\HTTP\IncomingRequest.php on line 782
in SYSTEMPATH\HTTP\RequestTrait.php on line 249.
 1 SYSTEMPATH\HTTP\IncomingRequest.php(782): CodeIgniter\HTTP\Request->fetchGlobal('post', 'codigo', 'required|numeric', null)
 2 APPPATH\Controllers\Paises.php(45): CodeIgniter\HTTP\IncomingRequest->getPost('codigo', 'required|numeric')
 3 SYSTEMPATH\CodeIgniter.php(934): App\Controllers\Paises->insertarPaises()
 4 SYSTEMPATH\CodeIgniter.php(499): CodeIgniter\CodeIgniter->runController(Object(App\Controllers\Paises))
 5 SYSTEMPATH\CodeIgniter.php(368): CodeIgniter\CodeIgniter->handleRequest(null, Object(Config\Cache), false)
 6 FCPATH\index.php(67): CodeIgniter\CodeIgniter->run()
CRITICAL - 2023-04-04 05:39:17 --> CodeIgniter\HTTP\Request::fetchGlobal(): Argument #3 ($filter) must be of type ?int, string given, called in C:\xampp\htdocs\proyecto_dan\system\HTTP\IncomingRequest.php on line 782
in SYSTEMPATH\HTTP\RequestTrait.php on line 249.
 1 SYSTEMPATH\HTTP\IncomingRequest.php(782): CodeIgniter\HTTP\Request->fetchGlobal('post', 'codigo', 'required|numeric', null)
 2 APPPATH\Controllers\Paises.php(45): CodeIgniter\HTTP\IncomingRequest->getPost('codigo', 'required|numeric')
 3 SYSTEMPATH\CodeIgniter.php(934): App\Controllers\Paises->insertarPaises()
 4 SYSTEMPATH\CodeIgniter.php(499): CodeIgniter\CodeIgniter->runController(Object(App\Controllers\Paises))
 5 SYSTEMPATH\CodeIgniter.php(368): CodeIgniter\CodeIgniter->handleRequest(null, Object(Config\Cache), false)
 6 FCPATH\index.php(67): CodeIgniter\CodeIgniter->run()
ERROR - 2023-04-04 05:49:23 --> mysqli_sql_exception: Duplicate entry '57' for key 'codigo' in C:\xampp\htdocs\proyecto_dan\system\Database\MySQLi\Connection.php:295
Stack trace:
#0 C:\xampp\htdocs\proyecto_dan\system\Database\MySQLi\Connection.php(295): mysqli->query('INSERT INTO `pa...', 0)
#1 C:\xampp\htdocs\proyecto_dan\system\Database\BaseConnection.php(691): CodeIgniter\Database\MySQLi\Connection->execute('INSERT INTO `pa...')
#2 C:\xampp\htdocs\proyecto_dan\system\Database\BaseConnection.php(605): CodeIgniter\Database\BaseConnection->simpleQuery('INSERT INTO `pa...')
#3 C:\xampp\htdocs\proyecto_dan\system\Database\BaseBuilder.php(2309): CodeIgniter\Database\BaseConnection->query('INSERT INTO `pa...', Array, false)
#4 C:\xampp\htdocs\proyecto_dan\system\Model.php(330): CodeIgniter\Database\BaseBuilder->insert()
#5 C:\xampp\htdocs\proyecto_dan\system\BaseModel.php(782): CodeIgniter\Model->doInsert(Array)
#6 C:\xampp\htdocs\proyecto_dan\system\Model.php(730): CodeIgniter\BaseModel->insert(Array, false)
#7 C:\xampp\htdocs\proyecto_dan\system\BaseModel.php(692): CodeIgniter\Model->insert(Array, false)
#8 C:\xampp\htdocs\proyecto_dan\app\Controllers\Paises.php(44): CodeIgniter\BaseModel->save(Array)
#9 C:\xampp\htdocs\proyecto_dan\system\CodeIgniter.php(934): App\Controllers\Paises->insertarPaises()
#10 C:\xampp\htdocs\proyecto_dan\system\CodeIgniter.php(499): CodeIgniter\CodeIgniter->runController(Object(App\Controllers\Paises))
#11 C:\xampp\htdocs\proyecto_dan\system\CodeIgniter.php(368): CodeIgniter\CodeIgniter->handleRequest(NULL, Object(Config\Cache), false)
#12 C:\xampp\htdocs\proyecto_dan\public\index.php(67): CodeIgniter\CodeIgniter->run()
#13 {main}
CRITICAL - 2023-04-04 05:49:23 --> Duplicate entry '57' for key 'codigo'
in SYSTEMPATH\Database\BaseConnection.php on line 645.
 1 SYSTEMPATH\Database\BaseBuilder.php(2309): CodeIgniter\Database\BaseConnection->query('INSERT INTO `paises` (`codigo`, `nombre`, `fecha_crea`) VALUES (:codigo:, :nombre:, :fecha_crea:)', [...], false)
 2 SYSTEMPATH\Model.php(330): CodeIgniter\Database\BaseBuilder->insert()
 3 SYSTEMPATH\BaseModel.php(782): CodeIgniter\Model->doInsert([...])
 4 SYSTEMPATH\Model.php(730): CodeIgniter\BaseModel->insert([...], false)
 5 SYSTEMPATH\BaseModel.php(692): CodeIgniter\Model->insert([...], false)
 6 APPPATH\Controllers\Paises.php(44): CodeIgniter\BaseModel->save([...])
 7 SYSTEMPATH\CodeIgniter.php(934): App\Controllers\Paises->insertarPaises()
 8 SYSTEMPATH\CodeIgniter.php(499): CodeIgniter\CodeIgniter->runController(Object(App\Controllers\Paises))
 9 SYSTEMPATH\CodeIgniter.php(368): CodeIgniter\CodeIgniter->handleRequest(null, Object(Config\Cache), false)
10 FCPATH\index.php(67): CodeIgniter\CodeIgniter->run()
ERROR - 2023-04-04 06:04:01 --> mysqli_sql_exception: Duplicate entry '57' for key 'codigo' in C:\xampp\htdocs\proyecto_dan\system\Database\MySQLi\Connection.php:295
Stack trace:
#0 C:\xampp\htdocs\proyecto_dan\system\Database\MySQLi\Connection.php(295): mysqli->query('INSERT INTO `pa...', 0)
#1 C:\xampp\htdocs\proyecto_dan\system\Database\BaseConnection.php(691): CodeIgniter\Database\MySQLi\Connection->execute('INSERT INTO `pa...')
#2 C:\xampp\htdocs\proyecto_dan\system\Database\BaseConnection.php(605): CodeIgniter\Database\BaseConnection->simpleQuery('INSERT INTO `pa...')
#3 C:\xampp\htdocs\proyecto_dan\system\Database\BaseBuilder.php(2309): CodeIgniter\Database\BaseConnection->query('INSERT INTO `pa...', Array, false)
#4 C:\xampp\htdocs\proyecto_dan\system\Model.php(330): CodeIgniter\Database\BaseBuilder->insert()
#5 C:\xampp\htdocs\proyecto_dan\system\BaseModel.php(782): CodeIgniter\Model->doInsert(Array)
#6 C:\xampp\htdocs\proyecto_dan\system\Model.php(730): CodeIgniter\BaseModel->insert(Array, false)
#7 C:\xampp\htdocs\proyecto_dan\system\BaseModel.php(692): CodeIgniter\Model->insert(Array, false)
#8 C:\xampp\htdocs\proyecto_dan\app\Controllers\Paises.php(44): CodeIgniter\BaseModel->save(Array)
#9 C:\xampp\htdocs\proyecto_dan\system\CodeIgniter.php(934): App\Controllers\Paises->insertarPaises()
#10 C:\xampp\htdocs\proyecto_dan\system\CodeIgniter.php(499): CodeIgniter\CodeIgniter->runController(Object(App\Controllers\Paises))
#11 C:\xampp\htdocs\proyecto_dan\system\CodeIgniter.php(368): CodeIgniter\CodeIgniter->handleRequest(NULL, Object(Config\Cache), false)
#12 C:\xampp\htdocs\proyecto_dan\public\index.php(67): CodeIgniter\CodeIgniter->run()
#13 {main}
CRITICAL - 2023-04-04 06:04:01 --> Duplicate entry '57' for key 'codigo'
in SYSTEMPATH\Database\BaseConnection.php on line 645.
 1 SYSTEMPATH\Database\BaseBuilder.php(2309): CodeIgniter\Database\BaseConnection->query('INSERT INTO `paises` (`codigo`, `nombre`, `fecha_crea`) VALUES (:codigo:, :nombre:, :fecha_crea:)', [...], false)
 2 SYSTEMPATH\Model.php(330): CodeIgniter\Database\BaseBuilder->insert()
 3 SYSTEMPATH\BaseModel.php(782): CodeIgniter\Model->doInsert([...])
 4 SYSTEMPATH\Model.php(730): CodeIgniter\BaseModel->insert([...], false)
 5 SYSTEMPATH\BaseModel.php(692): CodeIgniter\Model->insert([...], false)
 6 APPPATH\Controllers\Paises.php(44): CodeIgniter\BaseModel->save([...])
 7 SYSTEMPATH\CodeIgniter.php(934): App\Controllers\Paises->insertarPaises()
 8 SYSTEMPATH\CodeIgniter.php(499): CodeIgniter\CodeIgniter->runController(Object(App\Controllers\Paises))
 9 SYSTEMPATH\CodeIgniter.php(368): CodeIgniter\CodeIgniter->handleRequest(null, Object(Config\Cache), false)
10 FCPATH\index.php(67): CodeIgniter\CodeIgniter->run()
ERROR - 2023-04-04 06:04:16 --> mysqli_sql_exception: Duplicate entry '' for key 'codigo' in C:\xampp\htdocs\proyecto_dan\system\Database\MySQLi\Connection.php:295
Stack trace:
#0 C:\xampp\htdocs\proyecto_dan\system\Database\MySQLi\Connection.php(295): mysqli->query('INSERT INTO `pa...', 0)
#1 C:\xampp\htdocs\proyecto_dan\system\Database\BaseConnection.php(691): CodeIgniter\Database\MySQLi\Connection->execute('INSERT INTO `pa...')
#2 C:\xampp\htdocs\proyecto_dan\system\Database\BaseConnection.php(605): CodeIgniter\Database\BaseConnection->simpleQuery('INSERT INTO `pa...')
#3 C:\xampp\htdocs\proyecto_dan\system\Database\BaseBuilder.php(2309): CodeIgniter\Database\BaseConnection->query('INSERT INTO `pa...', Array, false)
#4 C:\xampp\htdocs\proyecto_dan\system\Model.php(330): CodeIgniter\Database\BaseBuilder->insert()
#5 C:\xampp\htdocs\proyecto_dan\system\BaseModel.php(782): CodeIgniter\Model->doInsert(Array)
#6 C:\xampp\htdocs\proyecto_dan\system\Model.php(730): CodeIgniter\BaseModel->insert(Array, false)
#7 C:\xampp\htdocs\proyecto_dan\system\BaseModel.php(692): CodeIgniter\Model->insert(Array, false)
#8 C:\xampp\htdocs\proyecto_dan\app\Controllers\Paises.php(44): CodeIgniter\BaseModel->save(Array)
#9 C:\xampp\htdocs\proyecto_dan\system\CodeIgniter.php(934): App\Controllers\Paises->insertarPaises()
#10 C:\xampp\htdocs\proyecto_dan\system\CodeIgniter.php(499): CodeIgniter\CodeIgniter->runController(Object(App\Controllers\Paises))
#11 C:\xampp\htdocs\proyecto_dan\system\CodeIgniter.php(368): CodeIgniter\CodeIgniter->handleRequest(NULL, Object(Config\Cache), false)
#12 C:\xampp\htdocs\proyecto_dan\public\index.php(67): CodeIgniter\CodeIgniter->run()
#13 {main}
CRITICAL - 2023-04-04 06:04:16 --> Duplicate entry '' for key 'codigo'
in SYSTEMPATH\Database\BaseConnection.php on line 645.
 1 SYSTEMPATH\Database\BaseBuilder.php(2309): CodeIgniter\Database\BaseConnection->query('INSERT INTO `paises` (`codigo`, `nombre`, `fecha_crea`) VALUES (:codigo:, :nombre:, :fecha_crea:)', [...], false)
 2 SYSTEMPATH\Model.php(330): CodeIgniter\Database\BaseBuilder->insert()
 3 SYSTEMPATH\BaseModel.php(782): CodeIgniter\Model->doInsert([...])
 4 SYSTEMPATH\Model.php(730): CodeIgniter\BaseModel->insert([...], false)
 5 SYSTEMPATH\BaseModel.php(692): CodeIgniter\Model->insert([...], false)
 6 APPPATH\Controllers\Paises.php(44): CodeIgniter\BaseModel->save([...])
 7 SYSTEMPATH\CodeIgniter.php(934): App\Controllers\Paises->insertarPaises()
 8 SYSTEMPATH\CodeIgniter.php(499): CodeIgniter\CodeIgniter->runController(Object(App\Controllers\Paises))
 9 SYSTEMPATH\CodeIgniter.php(368): CodeIgniter\CodeIgniter->handleRequest(null, Object(Config\Cache), false)
10 FCPATH\index.php(67): CodeIgniter\CodeIgniter->run()
ERROR - 2023-04-04 06:04:23 --> mysqli_sql_exception: Duplicate entry '' for key 'codigo' in C:\xampp\htdocs\proyecto_dan\system\Database\MySQLi\Connection.php:295
Stack trace:
#0 C:\xampp\htdocs\proyecto_dan\system\Database\MySQLi\Connection.php(295): mysqli->query('INSERT INTO `pa...', 0)
#1 C:\xampp\htdocs\proyecto_dan\system\Database\BaseConnection.php(691): CodeIgniter\Database\MySQLi\Connection->execute('INSERT INTO `pa...')
#2 C:\xampp\htdocs\proyecto_dan\system\Database\BaseConnection.php(605): CodeIgniter\Database\BaseConnection->simpleQuery('INSERT INTO `pa...')
#3 C:\xampp\htdocs\proyecto_dan\system\Database\BaseBuilder.php(2309): CodeIgniter\Database\BaseConnection->query('INSERT INTO `pa...', Array, false)
#4 C:\xampp\htdocs\proyecto_dan\system\Model.php(330): CodeIgniter\Database\BaseBuilder->insert()
#5 C:\xampp\htdocs\proyecto_dan\system\BaseModel.php(782): CodeIgniter\Model->doInsert(Array)
#6 C:\xampp\htdocs\proyecto_dan\system\Model.php(730): CodeIgniter\BaseModel->insert(Array, false)
#7 C:\xampp\htdocs\proyecto_dan\system\BaseModel.php(692): CodeIgniter\Model->insert(Array, false)
#8 C:\xampp\htdocs\proyecto_dan\app\Controllers\Paises.php(44): CodeIgniter\BaseModel->save(Array)
#9 C:\xampp\htdocs\proyecto_dan\system\CodeIgniter.php(934): App\Controllers\Paises->insertarPaises()
#10 C:\xampp\htdocs\proyecto_dan\system\CodeIgniter.php(499): CodeIgniter\CodeIgniter->runController(Object(App\Controllers\Paises))
#11 C:\xampp\htdocs\proyecto_dan\system\CodeIgniter.php(368): CodeIgniter\CodeIgniter->handleRequest(NULL, Object(Config\Cache), false)
#12 C:\xampp\htdocs\proyecto_dan\public\index.php(67): CodeIgniter\CodeIgniter->run()
#13 {main}
CRITICAL - 2023-04-04 06:04:23 --> Duplicate entry '' for key 'codigo'
in SYSTEMPATH\Database\BaseConnection.php on line 645.
 1 SYSTEMPATH\Database\BaseBuilder.php(2309): CodeIgniter\Database\BaseConnection->query('INSERT INTO `paises` (`codigo`, `nombre`, `fecha_crea`) VALUES (:codigo:, :nombre:, :fecha_crea:)', [...], false)
 2 SYSTEMPATH\Model.php(330): CodeIgniter\Database\BaseBuilder->insert()
 3 SYSTEMPATH\BaseModel.php(782): CodeIgniter\Model->doInsert([...])
 4 SYSTEMPATH\Model.php(730): CodeIgniter\BaseModel->insert([...], false)
 5 SYSTEMPATH\BaseModel.php(692): CodeIgniter\Model->insert([...], false)
 6 APPPATH\Controllers\Paises.php(44): CodeIgniter\BaseModel->save([...])
 7 SYSTEMPATH\CodeIgniter.php(934): App\Controllers\Paises->insertarPaises()
 8 SYSTEMPATH\CodeIgniter.php(499): CodeIgniter\CodeIgniter->runController(Object(App\Controllers\Paises))
 9 SYSTEMPATH\CodeIgniter.php(368): CodeIgniter\CodeIgniter->handleRequest(null, Object(Config\Cache), false)
10 FCPATH\index.php(67): CodeIgniter\CodeIgniter->run()
ERROR - 2023-04-04 06:04:53 --> mysqli_sql_exception: Duplicate entry '' for key 'codigo' in C:\xampp\htdocs\proyecto_dan\system\Database\MySQLi\Connection.php:295
Stack trace:
#0 C:\xampp\htdocs\proyecto_dan\system\Database\MySQLi\Connection.php(295): mysqli->query('INSERT INTO `pa...', 0)
#1 C:\xampp\htdocs\proyecto_dan\system\Database\BaseConnection.php(691): CodeIgniter\Database\MySQLi\Connection->execute('INSERT INTO `pa...')
#2 C:\xampp\htdocs\proyecto_dan\system\Database\BaseConnection.php(605): CodeIgniter\Database\BaseConnection->simpleQuery('INSERT INTO `pa...')
#3 C:\xampp\htdocs\proyecto_dan\system\Database\BaseBuilder.php(2309): CodeIgniter\Database\BaseConnection->query('INSERT INTO `pa...', Array, false)
#4 C:\xampp\htdocs\proyecto_dan\system\Model.php(330): CodeIgniter\Database\BaseBuilder->insert()
#5 C:\xampp\htdocs\proyecto_dan\system\BaseModel.php(782): CodeIgniter\Model->doInsert(Array)
#6 C:\xampp\htdocs\proyecto_dan\system\Model.php(730): CodeIgniter\BaseModel->insert(Array, false)
#7 C:\xampp\htdocs\proyecto_dan\system\BaseModel.php(692): CodeIgniter\Model->insert(Array, false)
#8 C:\xampp\htdocs\proyecto_dan\app\Controllers\Paises.php(44): CodeIgniter\BaseModel->save(Array)
#9 C:\xampp\htdocs\proyecto_dan\system\CodeIgniter.php(934): App\Controllers\Paises->insertarPaises()
#10 C:\xampp\htdocs\proyecto_dan\system\CodeIgniter.php(499): CodeIgniter\CodeIgniter->runController(Object(App\Controllers\Paises))
#11 C:\xampp\htdocs\proyecto_dan\system\CodeIgniter.php(368): CodeIgniter\CodeIgniter->handleRequest(NULL, Object(Config\Cache), false)
#12 C:\xampp\htdocs\proyecto_dan\public\index.php(67): CodeIgniter\CodeIgniter->run()
#13 {main}
CRITICAL - 2023-04-04 06:04:53 --> Duplicate entry '' for key 'codigo'
in SYSTEMPATH\Database\BaseConnection.php on line 645.
 1 SYSTEMPATH\Database\BaseBuilder.php(2309): CodeIgniter\Database\BaseConnection->query('INSERT INTO `paises` (`codigo`, `nombre`, `fecha_crea`) VALUES (:codigo:, :nombre:, :fecha_crea:)', [...], false)
 2 SYSTEMPATH\Model.php(330): CodeIgniter\Database\BaseBuilder->insert()
 3 SYSTEMPATH\BaseModel.php(782): CodeIgniter\Model->doInsert([...])
 4 SYSTEMPATH\Model.php(730): CodeIgniter\BaseModel->insert([...], false)
 5 SYSTEMPATH\BaseModel.php(692): CodeIgniter\Model->insert([...], false)
 6 APPPATH\Controllers\Paises.php(44): CodeIgniter\BaseModel->save([...])
 7 SYSTEMPATH\CodeIgniter.php(934): App\Controllers\Paises->insertarPaises()
 8 SYSTEMPATH\CodeIgniter.php(499): CodeIgniter\CodeIgniter->runController(Object(App\Controllers\Paises))
 9 SYSTEMPATH\CodeIgniter.php(368): CodeIgniter\CodeIgniter->handleRequest(null, Object(Config\Cache), false)
10 FCPATH\index.php(67): CodeIgniter\CodeIgniter->run()
ERROR - 2023-04-04 06:05:38 --> mysqli_sql_exception: Duplicate entry '57' for key 'codigo' in C:\xampp\htdocs\proyecto_dan\system\Database\MySQLi\Connection.php:295
Stack trace:
#0 C:\xampp\htdocs\proyecto_dan\system\Database\MySQLi\Connection.php(295): mysqli->query('INSERT INTO `pa...', 0)
#1 C:\xampp\htdocs\proyecto_dan\system\Database\BaseConnection.php(691): CodeIgniter\Database\MySQLi\Connection->execute('INSERT INTO `pa...')
#2 C:\xampp\htdocs\proyecto_dan\system\Database\BaseConnection.php(605): CodeIgniter\Database\BaseConnection->simpleQuery('INSERT INTO `pa...')
#3 C:\xampp\htdocs\proyecto_dan\system\Database\BaseBuilder.php(2309): CodeIgniter\Database\BaseConnection->query('INSERT INTO `pa...', Array, false)
#4 C:\xampp\htdocs\proyecto_dan\system\Model.php(330): CodeIgniter\Database\BaseBuilder->insert()
#5 C:\xampp\htdocs\proyecto_dan\system\BaseModel.php(782): CodeIgniter\Model->doInsert(Array)
#6 C:\xampp\htdocs\proyecto_dan\system\Model.php(730): CodeIgniter\BaseModel->insert(Array, false)
#7 C:\xampp\htdocs\proyecto_dan\system\BaseModel.php(692): CodeIgniter\Model->insert(Array, false)
#8 C:\xampp\htdocs\proyecto_dan\app\Controllers\Paises.php(44): CodeIgniter\BaseModel->save(Array)
#9 C:\xampp\htdocs\proyecto_dan\system\CodeIgniter.php(934): App\Controllers\Paises->insertarPaises()
#10 C:\xampp\htdocs\proyecto_dan\system\CodeIgniter.php(499): CodeIgniter\CodeIgniter->runController(Object(App\Controllers\Paises))
#11 C:\xampp\htdocs\proyecto_dan\system\CodeIgniter.php(368): CodeIgniter\CodeIgniter->handleRequest(NULL, Object(Config\Cache), false)
#12 C:\xampp\htdocs\proyecto_dan\public\index.php(67): CodeIgniter\CodeIgniter->run()
#13 {main}
CRITICAL - 2023-04-04 06:05:38 --> Duplicate entry '57' for key 'codigo'
in SYSTEMPATH\Database\BaseConnection.php on line 645.
 1 SYSTEMPATH\Database\BaseBuilder.php(2309): CodeIgniter\Database\BaseConnection->query('INSERT INTO `paises` (`codigo`, `nombre`, `fecha_crea`) VALUES (:codigo:, :nombre:, :fecha_crea:)', [...], false)
 2 SYSTEMPATH\Model.php(330): CodeIgniter\Database\BaseBuilder->insert()
 3 SYSTEMPATH\BaseModel.php(782): CodeIgniter\Model->doInsert([...])
 4 SYSTEMPATH\Model.php(730): CodeIgniter\BaseModel->insert([...], false)
 5 SYSTEMPATH\BaseModel.php(692): CodeIgniter\Model->insert([...], false)
 6 APPPATH\Controllers\Paises.php(44): CodeIgniter\BaseModel->save([...])
 7 SYSTEMPATH\CodeIgniter.php(934): App\Controllers\Paises->insertarPaises()
 8 SYSTEMPATH\CodeIgniter.php(499): CodeIgniter\CodeIgniter->runController(Object(App\Controllers\Paises))
 9 SYSTEMPATH\CodeIgniter.php(368): CodeIgniter\CodeIgniter->handleRequest(null, Object(Config\Cache), false)
10 FCPATH\index.php(67): CodeIgniter\CodeIgniter->run()
ERROR - 2023-04-04 06:10:38 --> mysqli_sql_exception: Duplicate entry '57' for key 'codigo' in C:\xampp\htdocs\proyecto_dan\system\Database\MySQLi\Connection.php:295
Stack trace:
#0 C:\xampp\htdocs\proyecto_dan\system\Database\MySQLi\Connection.php(295): mysqli->query('INSERT INTO `pa...', 0)
#1 C:\xampp\htdocs\proyecto_dan\system\Database\BaseConnection.php(691): CodeIgniter\Database\MySQLi\Connection->execute('INSERT INTO `pa...')
#2 C:\xampp\htdocs\proyecto_dan\system\Database\BaseConnection.php(605): CodeIgniter\Database\BaseConnection->simpleQuery('INSERT INTO `pa...')
#3 C:\xampp\htdocs\proyecto_dan\system\Database\BaseBuilder.php(2309): CodeIgniter\Database\BaseConnection->query('INSERT INTO `pa...', Array, false)
#4 C:\xampp\htdocs\proyecto_dan\system\Model.php(330): CodeIgniter\Database\BaseBuilder->insert()
#5 C:\xampp\htdocs\proyecto_dan\system\BaseModel.php(782): CodeIgniter\Model->doInsert(Array)
#6 C:\xampp\htdocs\proyecto_dan\system\Model.php(730): CodeIgniter\BaseModel->insert(Array, false)
#7 C:\xampp\htdocs\proyecto_dan\system\BaseModel.php(692): CodeIgniter\Model->insert(Array, false)
#8 C:\xampp\htdocs\proyecto_dan\app\Controllers\Paises.php(44): CodeIgniter\BaseModel->save(Array)
#9 C:\xampp\htdocs\proyecto_dan\system\CodeIgniter.php(934): App\Controllers\Paises->insertarPaises()
#10 C:\xampp\htdocs\proyecto_dan\system\CodeIgniter.php(499): CodeIgniter\CodeIgniter->runController(Object(App\Controllers\Paises))
#11 C:\xampp\htdocs\proyecto_dan\system\CodeIgniter.php(368): CodeIgniter\CodeIgniter->handleRequest(NULL, Object(Config\Cache), false)
#12 C:\xampp\htdocs\proyecto_dan\public\index.php(67): CodeIgniter\CodeIgniter->run()
#13 {main}
CRITICAL - 2023-04-04 06:10:38 --> Duplicate entry '57' for key 'codigo'
in SYSTEMPATH\Database\BaseConnection.php on line 645.
 1 SYSTEMPATH\Database\BaseBuilder.php(2309): CodeIgniter\Database\BaseConnection->query('INSERT INTO `paises` (`codigo`, `nombre`, `fecha_crea`) VALUES (:codigo:, :nombre:, :fecha_crea:)', [...], false)
 2 SYSTEMPATH\Model.php(330): CodeIgniter\Database\BaseBuilder->insert()
 3 SYSTEMPATH\BaseModel.php(782): CodeIgniter\Model->doInsert([...])
 4 SYSTEMPATH\Model.php(730): CodeIgniter\BaseModel->insert([...], false)
 5 SYSTEMPATH\BaseModel.php(692): CodeIgniter\Model->insert([...], false)
 6 APPPATH\Controllers\Paises.php(44): CodeIgniter\BaseModel->save([...])
 7 SYSTEMPATH\CodeIgniter.php(934): App\Controllers\Paises->insertarPaises()
 8 SYSTEMPATH\CodeIgniter.php(499): CodeIgniter\CodeIgniter->runController(Object(App\Controllers\Paises))
 9 SYSTEMPATH\CodeIgniter.php(368): CodeIgniter\CodeIgniter->handleRequest(null, Object(Config\Cache), false)
10 FCPATH\index.php(67): CodeIgniter\CodeIgniter->run()
ERROR - 2023-04-04 06:12:02 --> mysqli_sql_exception: Duplicate entry '57' for key 'codigo' in C:\xampp\htdocs\proyecto_dan\system\Database\MySQLi\Connection.php:295
Stack trace:
#0 C:\xampp\htdocs\proyecto_dan\system\Database\MySQLi\Connection.php(295): mysqli->query('INSERT INTO `pa...', 0)
#1 C:\xampp\htdocs\proyecto_dan\system\Database\BaseConnection.php(691): CodeIgniter\Database\MySQLi\Connection->execute('INSERT INTO `pa...')
#2 C:\xampp\htdocs\proyecto_dan\system\Database\BaseConnection.php(605): CodeIgniter\Database\BaseConnection->simpleQuery('INSERT INTO `pa...')
#3 C:\xampp\htdocs\proyecto_dan\system\Database\BaseBuilder.php(2309): CodeIgniter\Database\BaseConnection->query('INSERT INTO `pa...', Array, false)
#4 C:\xampp\htdocs\proyecto_dan\system\Model.php(330): CodeIgniter\Database\BaseBuilder->insert()
#5 C:\xampp\htdocs\proyecto_dan\system\BaseModel.php(782): CodeIgniter\Model->doInsert(Array)
#6 C:\xampp\htdocs\proyecto_dan\system\Model.php(730): CodeIgniter\BaseModel->insert(Array, false)
#7 C:\xampp\htdocs\proyecto_dan\system\BaseModel.php(692): CodeIgniter\Model->insert(Array, false)
#8 C:\xampp\htdocs\proyecto_dan\app\Controllers\Paises.php(44): CodeIgniter\BaseModel->save(Array)
#9 C:\xampp\htdocs\proyecto_dan\system\CodeIgniter.php(934): App\Controllers\Paises->insertarPaises()
#10 C:\xampp\htdocs\proyecto_dan\system\CodeIgniter.php(499): CodeIgniter\CodeIgniter->runController(Object(App\Controllers\Paises))
#11 C:\xampp\htdocs\proyecto_dan\system\CodeIgniter.php(368): CodeIgniter\CodeIgniter->handleRequest(NULL, Object(Config\Cache), false)
#12 C:\xampp\htdocs\proyecto_dan\public\index.php(67): CodeIgniter\CodeIgniter->run()
#13 {main}
CRITICAL - 2023-04-04 06:12:02 --> Duplicate entry '57' for key 'codigo'
in SYSTEMPATH\Database\BaseConnection.php on line 645.
 1 SYSTEMPATH\Database\BaseBuilder.php(2309): CodeIgniter\Database\BaseConnection->query('INSERT INTO `paises` (`codigo`, `nombre`, `fecha_crea`) VALUES (:codigo:, :nombre:, :fecha_crea:)', [...], false)
 2 SYSTEMPATH\Model.php(330): CodeIgniter\Database\BaseBuilder->insert()
 3 SYSTEMPATH\BaseModel.php(782): CodeIgniter\Model->doInsert([...])
 4 SYSTEMPATH\Model.php(730): CodeIgniter\BaseModel->insert([...], false)
 5 SYSTEMPATH\BaseModel.php(692): CodeIgniter\Model->insert([...], false)
 6 APPPATH\Controllers\Paises.php(44): CodeIgniter\BaseModel->save([...])
 7 SYSTEMPATH\CodeIgniter.php(934): App\Controllers\Paises->insertarPaises()
 8 SYSTEMPATH\CodeIgniter.php(499): CodeIgniter\CodeIgniter->runController(Object(App\Controllers\Paises))
 9 SYSTEMPATH\CodeIgniter.php(368): CodeIgniter\CodeIgniter->handleRequest(null, Object(Config\Cache), false)
10 FCPATH\index.php(67): CodeIgniter\CodeIgniter->run()
ERROR - 2023-04-04 06:15:37 --> mysqli_sql_exception: Duplicate entry '57' for key 'codigo' in C:\xampp\htdocs\proyecto_dan\system\Database\MySQLi\Connection.php:295
Stack trace:
#0 C:\xampp\htdocs\proyecto_dan\system\Database\MySQLi\Connection.php(295): mysqli->query('INSERT INTO `pa...', 0)
#1 C:\xampp\htdocs\proyecto_dan\system\Database\BaseConnection.php(691): CodeIgniter\Database\MySQLi\Connection->execute('INSERT INTO `pa...')
#2 C:\xampp\htdocs\proyecto_dan\system\Database\BaseConnection.php(605): CodeIgniter\Database\BaseConnection->simpleQuery('INSERT INTO `pa...')
#3 C:\xampp\htdocs\proyecto_dan\system\Database\BaseBuilder.php(2309): CodeIgniter\Database\BaseConnection->query('INSERT INTO `pa...', Array, false)
#4 C:\xampp\htdocs\proyecto_dan\system\Model.php(330): CodeIgniter\Database\BaseBuilder->insert()
#5 C:\xampp\htdocs\proyecto_dan\system\BaseModel.php(782): CodeIgniter\Model->doInsert(Array)
#6 C:\xampp\htdocs\proyecto_dan\system\Model.php(730): CodeIgniter\BaseModel->insert(Array, false)
#7 C:\xampp\htdocs\proyecto_dan\system\BaseModel.php(692): CodeIgniter\Model->insert(Array, false)
#8 C:\xampp\htdocs\proyecto_dan\app\Controllers\Paises.php(44): CodeIgniter\BaseModel->save(Array)
#9 C:\xampp\htdocs\proyecto_dan\system\CodeIgniter.php(934): App\Controllers\Paises->insertarPaises()
#10 C:\xampp\htdocs\proyecto_dan\system\CodeIgniter.php(499): CodeIgniter\CodeIgniter->runController(Object(App\Controllers\Paises))
#11 C:\xampp\htdocs\proyecto_dan\system\CodeIgniter.php(368): CodeIgniter\CodeIgniter->handleRequest(NULL, Object(Config\Cache), false)
#12 C:\xampp\htdocs\proyecto_dan\public\index.php(67): CodeIgniter\CodeIgniter->run()
#13 {main}
CRITICAL - 2023-04-04 06:15:37 --> Duplicate entry '57' for key 'codigo'
in SYSTEMPATH\Database\BaseConnection.php on line 645.
 1 SYSTEMPATH\Database\BaseBuilder.php(2309): CodeIgniter\Database\BaseConnection->query('INSERT INTO `paises` (`codigo`, `nombre`, `fecha_crea`) VALUES (:codigo:, :nombre:, :fecha_crea:)', [...], false)
 2 SYSTEMPATH\Model.php(330): CodeIgniter\Database\BaseBuilder->insert()
 3 SYSTEMPATH\BaseModel.php(782): CodeIgniter\Model->doInsert([...])
 4 SYSTEMPATH\Model.php(730): CodeIgniter\BaseModel->insert([...], false)
 5 SYSTEMPATH\BaseModel.php(692): CodeIgniter\Model->insert([...], false)
 6 APPPATH\Controllers\Paises.php(44): CodeIgniter\BaseModel->save([...])
 7 SYSTEMPATH\CodeIgniter.php(934): App\Controllers\Paises->insertarPaises()
 8 SYSTEMPATH\CodeIgniter.php(499): CodeIgniter\CodeIgniter->runController(Object(App\Controllers\Paises))
 9 SYSTEMPATH\CodeIgniter.php(368): CodeIgniter\CodeIgniter->handleRequest(null, Object(Config\Cache), false)
10 FCPATH\index.php(67): CodeIgniter\CodeIgniter->run()
ERROR - 2023-04-04 06:18:46 --> mysqli_sql_exception: Duplicate entry '57' for key 'codigo' in C:\xampp\htdocs\proyecto_dan\system\Database\MySQLi\Connection.php:295
Stack trace:
#0 C:\xampp\htdocs\proyecto_dan\system\Database\MySQLi\Connection.php(295): mysqli->query('INSERT INTO `pa...', 0)
#1 C:\xampp\htdocs\proyecto_dan\system\Database\BaseConnection.php(691): CodeIgniter\Database\MySQLi\Connection->execute('INSERT INTO `pa...')
#2 C:\xampp\htdocs\proyecto_dan\system\Database\BaseConnection.php(605): CodeIgniter\Database\BaseConnection->simpleQuery('INSERT INTO `pa...')
#3 C:\xampp\htdocs\proyecto_dan\system\Database\BaseBuilder.php(2309): CodeIgniter\Database\BaseConnection->query('INSERT INTO `pa...', Array, false)
#4 C:\xampp\htdocs\proyecto_dan\system\Model.php(330): CodeIgniter\Database\BaseBuilder->insert()
#5 C:\xampp\htdocs\proyecto_dan\system\BaseModel.php(782): CodeIgniter\Model->doInsert(Array)
#6 C:\xampp\htdocs\proyecto_dan\system\Model.php(730): CodeIgniter\BaseModel->insert(Array, false)
#7 C:\xampp\htdocs\proyecto_dan\system\BaseModel.php(692): CodeIgniter\Model->insert(Array, false)
#8 C:\xampp\htdocs\proyecto_dan\app\Controllers\Paises.php(44): CodeIgniter\BaseModel->save(Array)
#9 C:\xampp\htdocs\proyecto_dan\system\CodeIgniter.php(934): App\Controllers\Paises->insertarPaises()
#10 C:\xampp\htdocs\proyecto_dan\system\CodeIgniter.php(499): CodeIgniter\CodeIgniter->runController(Object(App\Controllers\Paises))
#11 C:\xampp\htdocs\proyecto_dan\system\CodeIgniter.php(368): CodeIgniter\CodeIgniter->handleRequest(NULL, Object(Config\Cache), false)
#12 C:\xampp\htdocs\proyecto_dan\public\index.php(67): CodeIgniter\CodeIgniter->run()
#13 {main}
CRITICAL - 2023-04-04 06:18:46 --> Duplicate entry '57' for key 'codigo'
in SYSTEMPATH\Database\BaseConnection.php on line 645.
 1 SYSTEMPATH\Database\BaseBuilder.php(2309): CodeIgniter\Database\BaseConnection->query('INSERT INTO `paises` (`codigo`, `nombre`, `fecha_crea`) VALUES (:codigo:, :nombre:, :fecha_crea:)', [...], false)
 2 SYSTEMPATH\Model.php(330): CodeIgniter\Database\BaseBuilder->insert()
 3 SYSTEMPATH\BaseModel.php(782): CodeIgniter\Model->doInsert([...])
 4 SYSTEMPATH\Model.php(730): CodeIgniter\BaseModel->insert([...], false)
 5 SYSTEMPATH\BaseModel.php(692): CodeIgniter\Model->insert([...], false)
 6 APPPATH\Controllers\Paises.php(44): CodeIgniter\BaseModel->save([...])
 7 SYSTEMPATH\CodeIgniter.php(934): App\Controllers\Paises->insertarPaises()
 8 SYSTEMPATH\CodeIgniter.php(499): CodeIgniter\CodeIgniter->runController(Object(App\Controllers\Paises))
 9 SYSTEMPATH\CodeIgniter.php(368): CodeIgniter\CodeIgniter->handleRequest(null, Object(Config\Cache), false)
10 FCPATH\index.php(67): CodeIgniter\CodeIgniter->run()
ERROR - 2023-04-04 06:19:07 --> mysqli_sql_exception: Duplicate entry '57' for key 'codigo' in C:\xampp\htdocs\proyecto_dan\system\Database\MySQLi\Connection.php:295
Stack trace:
#0 C:\xampp\htdocs\proyecto_dan\system\Database\MySQLi\Connection.php(295): mysqli->query('INSERT INTO `pa...', 0)
#1 C:\xampp\htdocs\proyecto_dan\system\Database\BaseConnection.php(691): CodeIgniter\Database\MySQLi\Connection->execute('INSERT INTO `pa...')
#2 C:\xampp\htdocs\proyecto_dan\system\Database\BaseConnection.php(605): CodeIgniter\Database\BaseConnection->simpleQuery('INSERT INTO `pa...')
#3 C:\xampp\htdocs\proyecto_dan\system\Database\BaseBuilder.php(2309): CodeIgniter\Database\BaseConnection->query('INSERT INTO `pa...', Array, false)
#4 C:\xampp\htdocs\proyecto_dan\system\Model.php(330): CodeIgniter\Database\BaseBuilder->insert()
#5 C:\xampp\htdocs\proyecto_dan\system\BaseModel.php(782): CodeIgniter\Model->doInsert(Array)
#6 C:\xampp\htdocs\proyecto_dan\system\Model.php(730): CodeIgniter\BaseModel->insert(Array, false)
#7 C:\xampp\htdocs\proyecto_dan\system\BaseModel.php(692): CodeIgniter\Model->insert(Array, false)
#8 C:\xampp\htdocs\proyecto_dan\app\Controllers\Paises.php(44): CodeIgniter\BaseModel->save(Array)
#9 C:\xampp\htdocs\proyecto_dan\system\CodeIgniter.php(934): App\Controllers\Paises->insertarPaises()
#10 C:\xampp\htdocs\proyecto_dan\system\CodeIgniter.php(499): CodeIgniter\CodeIgniter->runController(Object(App\Controllers\Paises))
#11 C:\xampp\htdocs\proyecto_dan\system\CodeIgniter.php(368): CodeIgniter\CodeIgniter->handleRequest(NULL, Object(Config\Cache), false)
#12 C:\xampp\htdocs\proyecto_dan\public\index.php(67): CodeIgniter\CodeIgniter->run()
#13 {main}
CRITICAL - 2023-04-04 06:19:07 --> Duplicate entry '57' for key 'codigo'
in SYSTEMPATH\Database\BaseConnection.php on line 645.
 1 SYSTEMPATH\Database\BaseBuilder.php(2309): CodeIgniter\Database\BaseConnection->query('INSERT INTO `paises` (`codigo`, `nombre`, `fecha_crea`) VALUES (:codigo:, :nombre:, :fecha_crea:)', [...], false)
 2 SYSTEMPATH\Model.php(330): CodeIgniter\Database\BaseBuilder->insert()
 3 SYSTEMPATH\BaseModel.php(782): CodeIgniter\Model->doInsert([...])
 4 SYSTEMPATH\Model.php(730): CodeIgniter\BaseModel->insert([...], false)
 5 SYSTEMPATH\BaseModel.php(692): CodeIgniter\Model->insert([...], false)
 6 APPPATH\Controllers\Paises.php(44): CodeIgniter\BaseModel->save([...])
 7 SYSTEMPATH\CodeIgniter.php(934): App\Controllers\Paises->insertarPaises()
 8 SYSTEMPATH\CodeIgniter.php(499): CodeIgniter\CodeIgniter->runController(Object(App\Controllers\Paises))
 9 SYSTEMPATH\CodeIgniter.php(368): CodeIgniter\CodeIgniter->handleRequest(null, Object(Config\Cache), false)
10 FCPATH\index.php(67): CodeIgniter\CodeIgniter->run()
ERROR - 2023-04-04 06:20:01 --> mysqli_sql_exception: Duplicate entry '57' for key 'codigo' in C:\xampp\htdocs\proyecto_dan\system\Database\MySQLi\Connection.php:295
Stack trace:
#0 C:\xampp\htdocs\proyecto_dan\system\Database\MySQLi\Connection.php(295): mysqli->query('INSERT INTO `pa...', 0)
#1 C:\xampp\htdocs\proyecto_dan\system\Database\BaseConnection.php(691): CodeIgniter\Database\MySQLi\Connection->execute('INSERT INTO `pa...')
#2 C:\xampp\htdocs\proyecto_dan\system\Database\BaseConnection.php(605): CodeIgniter\Database\BaseConnection->simpleQuery('INSERT INTO `pa...')
#3 C:\xampp\htdocs\proyecto_dan\system\Database\BaseBuilder.php(2309): CodeIgniter\Database\BaseConnection->query('INSERT INTO `pa...', Array, false)
#4 C:\xampp\htdocs\proyecto_dan\system\Model.php(330): CodeIgniter\Database\BaseBuilder->insert()
#5 C:\xampp\htdocs\proyecto_dan\system\BaseModel.php(782): CodeIgniter\Model->doInsert(Array)
#6 C:\xampp\htdocs\proyecto_dan\system\Model.php(730): CodeIgniter\BaseModel->insert(Array, false)
#7 C:\xampp\htdocs\proyecto_dan\system\BaseModel.php(692): CodeIgniter\Model->insert(Array, false)
#8 C:\xampp\htdocs\proyecto_dan\app\Controllers\Paises.php(44): CodeIgniter\BaseModel->save(Array)
#9 C:\xampp\htdocs\proyecto_dan\system\CodeIgniter.php(934): App\Controllers\Paises->insertarPaises()
#10 C:\xampp\htdocs\proyecto_dan\system\CodeIgniter.php(499): CodeIgniter\CodeIgniter->runController(Object(App\Controllers\Paises))
#11 C:\xampp\htdocs\proyecto_dan\system\CodeIgniter.php(368): CodeIgniter\CodeIgniter->handleRequest(NULL, Object(Config\Cache), false)
#12 C:\xampp\htdocs\proyecto_dan\public\index.php(67): CodeIgniter\CodeIgniter->run()
#13 {main}
CRITICAL - 2023-04-04 06:20:01 --> Duplicate entry '57' for key 'codigo'
in SYSTEMPATH\Database\BaseConnection.php on line 645.
 1 SYSTEMPATH\Database\BaseBuilder.php(2309): CodeIgniter\Database\BaseConnection->query('INSERT INTO `paises` (`codigo`, `nombre`, `fecha_crea`) VALUES (:codigo:, :nombre:, :fecha_crea:)', [...], false)
 2 SYSTEMPATH\Model.php(330): CodeIgniter\Database\BaseBuilder->insert()
 3 SYSTEMPATH\BaseModel.php(782): CodeIgniter\Model->doInsert([...])
 4 SYSTEMPATH\Model.php(730): CodeIgniter\BaseModel->insert([...], false)
 5 SYSTEMPATH\BaseModel.php(692): CodeIgniter\Model->insert([...], false)
 6 APPPATH\Controllers\Paises.php(44): CodeIgniter\BaseModel->save([...])
 7 SYSTEMPATH\CodeIgniter.php(934): App\Controllers\Paises->insertarPaises()
 8 SYSTEMPATH\CodeIgniter.php(499): CodeIgniter\CodeIgniter->runController(Object(App\Controllers\Paises))
 9 SYSTEMPATH\CodeIgniter.php(368): CodeIgniter\CodeIgniter->handleRequest(null, Object(Config\Cache), false)
10 FCPATH\index.php(67): CodeIgniter\CodeIgniter->run()
ERROR - 2023-04-04 06:20:20 --> mysqli_sql_exception: Duplicate entry '57' for key 'codigo' in C:\xampp\htdocs\proyecto_dan\system\Database\MySQLi\Connection.php:295
Stack trace:
#0 C:\xampp\htdocs\proyecto_dan\system\Database\MySQLi\Connection.php(295): mysqli->query('INSERT INTO `pa...', 0)
#1 C:\xampp\htdocs\proyecto_dan\system\Database\BaseConnection.php(691): CodeIgniter\Database\MySQLi\Connection->execute('INSERT INTO `pa...')
#2 C:\xampp\htdocs\proyecto_dan\system\Database\BaseConnection.php(605): CodeIgniter\Database\BaseConnection->simpleQuery('INSERT INTO `pa...')
#3 C:\xampp\htdocs\proyecto_dan\system\Database\BaseBuilder.php(2309): CodeIgniter\Database\BaseConnection->query('INSERT INTO `pa...', Array, false)
#4 C:\xampp\htdocs\proyecto_dan\system\Model.php(330): CodeIgniter\Database\BaseBuilder->insert()
#5 C:\xampp\htdocs\proyecto_dan\system\BaseModel.php(782): CodeIgniter\Model->doInsert(Array)
#6 C:\xampp\htdocs\proyecto_dan\system\Model.php(730): CodeIgniter\BaseModel->insert(Array, false)
#7 C:\xampp\htdocs\proyecto_dan\system\BaseModel.php(692): CodeIgniter\Model->insert(Array, false)
#8 C:\xampp\htdocs\proyecto_dan\app\Controllers\Paises.php(44): CodeIgniter\BaseModel->save(Array)
#9 C:\xampp\htdocs\proyecto_dan\system\CodeIgniter.php(934): App\Controllers\Paises->insertarPaises()
#10 C:\xampp\htdocs\proyecto_dan\system\CodeIgniter.php(499): CodeIgniter\CodeIgniter->runController(Object(App\Controllers\Paises))
#11 C:\xampp\htdocs\proyecto_dan\system\CodeIgniter.php(368): CodeIgniter\CodeIgniter->handleRequest(NULL, Object(Config\Cache), false)
#12 C:\xampp\htdocs\proyecto_dan\public\index.php(67): CodeIgniter\CodeIgniter->run()
#13 {main}
CRITICAL - 2023-04-04 06:20:20 --> Duplicate entry '57' for key 'codigo'
in SYSTEMPATH\Database\BaseConnection.php on line 645.
 1 SYSTEMPATH\Database\BaseBuilder.php(2309): CodeIgniter\Database\BaseConnection->query('INSERT INTO `paises` (`codigo`, `nombre`, `fecha_crea`) VALUES (:codigo:, :nombre:, :fecha_crea:)', [...], false)
 2 SYSTEMPATH\Model.php(330): CodeIgniter\Database\BaseBuilder->insert()
 3 SYSTEMPATH\BaseModel.php(782): CodeIgniter\Model->doInsert([...])
 4 SYSTEMPATH\Model.php(730): CodeIgniter\BaseModel->insert([...], false)
 5 SYSTEMPATH\BaseModel.php(692): CodeIgniter\Model->insert([...], false)
 6 APPPATH\Controllers\Paises.php(44): CodeIgniter\BaseModel->save([...])
 7 SYSTEMPATH\CodeIgniter.php(934): App\Controllers\Paises->insertarPaises()
 8 SYSTEMPATH\CodeIgniter.php(499): CodeIgniter\CodeIgniter->runController(Object(App\Controllers\Paises))
 9 SYSTEMPATH\CodeIgniter.php(368): CodeIgniter\CodeIgniter->handleRequest(null, Object(Config\Cache), false)
10 FCPATH\index.php(67): CodeIgniter\CodeIgniter->run()
ERROR - 2023-04-04 06:21:27 --> mysqli_sql_exception: Duplicate entry '57' for key 'codigo' in C:\xampp\htdocs\proyecto_dan\system\Database\MySQLi\Connection.php:295
Stack trace:
#0 C:\xampp\htdocs\proyecto_dan\system\Database\MySQLi\Connection.php(295): mysqli->query('INSERT INTO `pa...', 0)
#1 C:\xampp\htdocs\proyecto_dan\system\Database\BaseConnection.php(691): CodeIgniter\Database\MySQLi\Connection->execute('INSERT INTO `pa...')
#2 C:\xampp\htdocs\proyecto_dan\system\Database\BaseConnection.php(605): CodeIgniter\Database\BaseConnection->simpleQuery('INSERT INTO `pa...')
#3 C:\xampp\htdocs\proyecto_dan\system\Database\BaseBuilder.php(2309): CodeIgniter\Database\BaseConnection->query('INSERT INTO `pa...', Array, false)
#4 C:\xampp\htdocs\proyecto_dan\system\Model.php(330): CodeIgniter\Database\BaseBuilder->insert()
#5 C:\xampp\htdocs\proyecto_dan\system\BaseModel.php(782): CodeIgniter\Model->doInsert(Array)
#6 C:\xampp\htdocs\proyecto_dan\system\Model.php(730): CodeIgniter\BaseModel->insert(Array, false)
#7 C:\xampp\htdocs\proyecto_dan\system\BaseModel.php(692): CodeIgniter\Model->insert(Array, false)
#8 C:\xampp\htdocs\proyecto_dan\app\Controllers\Paises.php(44): CodeIgniter\BaseModel->save(Array)
#9 C:\xampp\htdocs\proyecto_dan\system\CodeIgniter.php(934): App\Controllers\Paises->insertarPaises()
#10 C:\xampp\htdocs\proyecto_dan\system\CodeIgniter.php(499): CodeIgniter\CodeIgniter->runController(Object(App\Controllers\Paises))
#11 C:\xampp\htdocs\proyecto_dan\system\CodeIgniter.php(368): CodeIgniter\CodeIgniter->handleRequest(NULL, Object(Config\Cache), false)
#12 C:\xampp\htdocs\proyecto_dan\public\index.php(67): CodeIgniter\CodeIgniter->run()
#13 {main}
CRITICAL - 2023-04-04 06:21:27 --> Duplicate entry '57' for key 'codigo'
in SYSTEMPATH\Database\BaseConnection.php on line 645.
 1 SYSTEMPATH\Database\BaseBuilder.php(2309): CodeIgniter\Database\BaseConnection->query('INSERT INTO `paises` (`codigo`, `nombre`, `fecha_crea`) VALUES (:codigo:, :nombre:, :fecha_crea:)', [...], false)
 2 SYSTEMPATH\Model.php(330): CodeIgniter\Database\BaseBuilder->insert()
 3 SYSTEMPATH\BaseModel.php(782): CodeIgniter\Model->doInsert([...])
 4 SYSTEMPATH\Model.php(730): CodeIgniter\BaseModel->insert([...], false)
 5 SYSTEMPATH\BaseModel.php(692): CodeIgniter\Model->insert([...], false)
 6 APPPATH\Controllers\Paises.php(44): CodeIgniter\BaseModel->save([...])
 7 SYSTEMPATH\CodeIgniter.php(934): App\Controllers\Paises->insertarPaises()
 8 SYSTEMPATH\CodeIgniter.php(499): CodeIgniter\CodeIgniter->runController(Object(App\Controllers\Paises))
 9 SYSTEMPATH\CodeIgniter.php(368): CodeIgniter\CodeIgniter->handleRequest(null, Object(Config\Cache), false)
10 FCPATH\index.php(67): CodeIgniter\CodeIgniter->run()
ERROR - 2023-04-04 06:21:36 --> mysqli_sql_exception: Duplicate entry '57' for key 'codigo' in C:\xampp\htdocs\proyecto_dan\system\Database\MySQLi\Connection.php:295
Stack trace:
#0 C:\xampp\htdocs\proyecto_dan\system\Database\MySQLi\Connection.php(295): mysqli->query('INSERT INTO `pa...', 0)
#1 C:\xampp\htdocs\proyecto_dan\system\Database\BaseConnection.php(691): CodeIgniter\Database\MySQLi\Connection->execute('INSERT INTO `pa...')
#2 C:\xampp\htdocs\proyecto_dan\system\Database\BaseConnection.php(605): CodeIgniter\Database\BaseConnection->simpleQuery('INSERT INTO `pa...')
#3 C:\xampp\htdocs\proyecto_dan\system\Database\BaseBuilder.php(2309): CodeIgniter\Database\BaseConnection->query('INSERT INTO `pa...', Array, false)
#4 C:\xampp\htdocs\proyecto_dan\system\Model.php(330): CodeIgniter\Database\BaseBuilder->insert()
#5 C:\xampp\htdocs\proyecto_dan\system\BaseModel.php(782): CodeIgniter\Model->doInsert(Array)
#6 C:\xampp\htdocs\proyecto_dan\system\Model.php(730): CodeIgniter\BaseModel->insert(Array, false)
#7 C:\xampp\htdocs\proyecto_dan\system\BaseModel.php(692): CodeIgniter\Model->insert(Array, false)
#8 C:\xampp\htdocs\proyecto_dan\app\Controllers\Paises.php(44): CodeIgniter\BaseModel->save(Array)
#9 C:\xampp\htdocs\proyecto_dan\system\CodeIgniter.php(934): App\Controllers\Paises->insertarPaises()
#10 C:\xampp\htdocs\proyecto_dan\system\CodeIgniter.php(499): CodeIgniter\CodeIgniter->runController(Object(App\Controllers\Paises))
#11 C:\xampp\htdocs\proyecto_dan\system\CodeIgniter.php(368): CodeIgniter\CodeIgniter->handleRequest(NULL, Object(Config\Cache), false)
#12 C:\xampp\htdocs\proyecto_dan\public\index.php(67): CodeIgniter\CodeIgniter->run()
#13 {main}
CRITICAL - 2023-04-04 06:21:36 --> Duplicate entry '57' for key 'codigo'
in SYSTEMPATH\Database\BaseConnection.php on line 645.
 1 SYSTEMPATH\Database\BaseBuilder.php(2309): CodeIgniter\Database\BaseConnection->query('INSERT INTO `paises` (`codigo`, `nombre`, `fecha_crea`) VALUES (:codigo:, :nombre:, :fecha_crea:)', [...], false)
 2 SYSTEMPATH\Model.php(330): CodeIgniter\Database\BaseBuilder->insert()
 3 SYSTEMPATH\BaseModel.php(782): CodeIgniter\Model->doInsert([...])
 4 SYSTEMPATH\Model.php(730): CodeIgniter\BaseModel->insert([...], false)
 5 SYSTEMPATH\BaseModel.php(692): CodeIgniter\Model->insert([...], false)
 6 APPPATH\Controllers\Paises.php(44): CodeIgniter\BaseModel->save([...])
 7 SYSTEMPATH\CodeIgniter.php(934): App\Controllers\Paises->insertarPaises()
 8 SYSTEMPATH\CodeIgniter.php(499): CodeIgniter\CodeIgniter->runController(Object(App\Controllers\Paises))
 9 SYSTEMPATH\CodeIgniter.php(368): CodeIgniter\CodeIgniter->handleRequest(null, Object(Config\Cache), false)
10 FCPATH\index.php(67): CodeIgniter\CodeIgniter->run()
ERROR - 2023-04-04 06:21:44 --> mysqli_sql_exception: Duplicate entry '57' for key 'codigo' in C:\xampp\htdocs\proyecto_dan\system\Database\MySQLi\Connection.php:295
Stack trace:
#0 C:\xampp\htdocs\proyecto_dan\system\Database\MySQLi\Connection.php(295): mysqli->query('INSERT INTO `pa...', 0)
#1 C:\xampp\htdocs\proyecto_dan\system\Database\BaseConnection.php(691): CodeIgniter\Database\MySQLi\Connection->execute('INSERT INTO `pa...')
#2 C:\xampp\htdocs\proyecto_dan\system\Database\BaseConnection.php(605): CodeIgniter\Database\BaseConnection->simpleQuery('INSERT INTO `pa...')
#3 C:\xampp\htdocs\proyecto_dan\system\Database\BaseBuilder.php(2309): CodeIgniter\Database\BaseConnection->query('INSERT INTO `pa...', Array, false)
#4 C:\xampp\htdocs\proyecto_dan\system\Model.php(330): CodeIgniter\Database\BaseBuilder->insert()
#5 C:\xampp\htdocs\proyecto_dan\system\BaseModel.php(782): CodeIgniter\Model->doInsert(Array)
#6 C:\xampp\htdocs\proyecto_dan\system\Model.php(730): CodeIgniter\BaseModel->insert(Array, false)
#7 C:\xampp\htdocs\proyecto_dan\system\BaseModel.php(692): CodeIgniter\Model->insert(Array, false)
#8 C:\xampp\htdocs\proyecto_dan\app\Controllers\Paises.php(44): CodeIgniter\BaseModel->save(Array)
#9 C:\xampp\htdocs\proyecto_dan\system\CodeIgniter.php(934): App\Controllers\Paises->insertarPaises()
#10 C:\xampp\htdocs\proyecto_dan\system\CodeIgniter.php(499): CodeIgniter\CodeIgniter->runController(Object(App\Controllers\Paises))
#11 C:\xampp\htdocs\proyecto_dan\system\CodeIgniter.php(368): CodeIgniter\CodeIgniter->handleRequest(NULL, Object(Config\Cache), false)
#12 C:\xampp\htdocs\proyecto_dan\public\index.php(67): CodeIgniter\CodeIgniter->run()
#13 {main}
CRITICAL - 2023-04-04 06:21:44 --> Duplicate entry '57' for key 'codigo'
in SYSTEMPATH\Database\BaseConnection.php on line 645.
 1 SYSTEMPATH\Database\BaseBuilder.php(2309): CodeIgniter\Database\BaseConnection->query('INSERT INTO `paises` (`codigo`, `nombre`, `fecha_crea`) VALUES (:codigo:, :nombre:, :fecha_crea:)', [...], false)
 2 SYSTEMPATH\Model.php(330): CodeIgniter\Database\BaseBuilder->insert()
 3 SYSTEMPATH\BaseModel.php(782): CodeIgniter\Model->doInsert([...])
 4 SYSTEMPATH\Model.php(730): CodeIgniter\BaseModel->insert([...], false)
 5 SYSTEMPATH\BaseModel.php(692): CodeIgniter\Model->insert([...], false)
 6 APPPATH\Controllers\Paises.php(44): CodeIgniter\BaseModel->save([...])
 7 SYSTEMPATH\CodeIgniter.php(934): App\Controllers\Paises->insertarPaises()
 8 SYSTEMPATH\CodeIgniter.php(499): CodeIgniter\CodeIgniter->runController(Object(App\Controllers\Paises))
 9 SYSTEMPATH\CodeIgniter.php(368): CodeIgniter\CodeIgniter->handleRequest(null, Object(Config\Cache), false)
10 FCPATH\index.php(67): CodeIgniter\CodeIgniter->run()
ERROR - 2023-04-04 06:22:50 --> mysqli_sql_exception: Duplicate entry '57' for key 'codigo' in C:\xampp\htdocs\proyecto_dan\system\Database\MySQLi\Connection.php:295
Stack trace:
#0 C:\xampp\htdocs\proyecto_dan\system\Database\MySQLi\Connection.php(295): mysqli->query('INSERT INTO `pa...', 0)
#1 C:\xampp\htdocs\proyecto_dan\system\Database\BaseConnection.php(691): CodeIgniter\Database\MySQLi\Connection->execute('INSERT INTO `pa...')
#2 C:\xampp\htdocs\proyecto_dan\system\Database\BaseConnection.php(605): CodeIgniter\Database\BaseConnection->simpleQuery('INSERT INTO `pa...')
#3 C:\xampp\htdocs\proyecto_dan\system\Database\BaseBuilder.php(2309): CodeIgniter\Database\BaseConnection->query('INSERT INTO `pa...', Array, false)
#4 C:\xampp\htdocs\proyecto_dan\system\Model.php(330): CodeIgniter\Database\BaseBuilder->insert()
#5 C:\xampp\htdocs\proyecto_dan\system\BaseModel.php(782): CodeIgniter\Model->doInsert(Array)
#6 C:\xampp\htdocs\proyecto_dan\system\Model.php(730): CodeIgniter\BaseModel->insert(Array, false)
#7 C:\xampp\htdocs\proyecto_dan\system\BaseModel.php(692): CodeIgniter\Model->insert(Array, false)
#8 C:\xampp\htdocs\proyecto_dan\app\Controllers\Paises.php(44): CodeIgniter\BaseModel->save(Array)
#9 C:\xampp\htdocs\proyecto_dan\system\CodeIgniter.php(934): App\Controllers\Paises->insertarPaises()
#10 C:\xampp\htdocs\proyecto_dan\system\CodeIgniter.php(499): CodeIgniter\CodeIgniter->runController(Object(App\Controllers\Paises))
#11 C:\xampp\htdocs\proyecto_dan\system\CodeIgniter.php(368): CodeIgniter\CodeIgniter->handleRequest(NULL, Object(Config\Cache), false)
#12 C:\xampp\htdocs\proyecto_dan\public\index.php(67): CodeIgniter\CodeIgniter->run()
#13 {main}
CRITICAL - 2023-04-04 06:22:50 --> Duplicate entry '57' for key 'codigo'
in SYSTEMPATH\Database\BaseConnection.php on line 645.
 1 SYSTEMPATH\Database\BaseBuilder.php(2309): CodeIgniter\Database\BaseConnection->query('INSERT INTO `paises` (`codigo`, `nombre`, `fecha_crea`) VALUES (:codigo:, :nombre:, :fecha_crea:)', [...], false)
 2 SYSTEMPATH\Model.php(330): CodeIgniter\Database\BaseBuilder->insert()
 3 SYSTEMPATH\BaseModel.php(782): CodeIgniter\Model->doInsert([...])
 4 SYSTEMPATH\Model.php(730): CodeIgniter\BaseModel->insert([...], false)
 5 SYSTEMPATH\BaseModel.php(692): CodeIgniter\Model->insert([...], false)
 6 APPPATH\Controllers\Paises.php(44): CodeIgniter\BaseModel->save([...])
 7 SYSTEMPATH\CodeIgniter.php(934): App\Controllers\Paises->insertarPaises()
 8 SYSTEMPATH\CodeIgniter.php(499): CodeIgniter\CodeIgniter->runController(Object(App\Controllers\Paises))
 9 SYSTEMPATH\CodeIgniter.php(368): CodeIgniter\CodeIgniter->handleRequest(null, Object(Config\Cache), false)
10 FCPATH\index.php(67): CodeIgniter\CodeIgniter->run()
ERROR - 2023-04-04 06:22:56 --> mysqli_sql_exception: Duplicate entry '57' for key 'codigo' in C:\xampp\htdocs\proyecto_dan\system\Database\MySQLi\Connection.php:295
Stack trace:
#0 C:\xampp\htdocs\proyecto_dan\system\Database\MySQLi\Connection.php(295): mysqli->query('INSERT INTO `pa...', 0)
#1 C:\xampp\htdocs\proyecto_dan\system\Database\BaseConnection.php(691): CodeIgniter\Database\MySQLi\Connection->execute('INSERT INTO `pa...')
#2 C:\xampp\htdocs\proyecto_dan\system\Database\BaseConnection.php(605): CodeIgniter\Database\BaseConnection->simpleQuery('INSERT INTO `pa...')
#3 C:\xampp\htdocs\proyecto_dan\system\Database\BaseBuilder.php(2309): CodeIgniter\Database\BaseConnection->query('INSERT INTO `pa...', Array, false)
#4 C:\xampp\htdocs\proyecto_dan\system\Model.php(330): CodeIgniter\Database\BaseBuilder->insert()
#5 C:\xampp\htdocs\proyecto_dan\system\BaseModel.php(782): CodeIgniter\Model->doInsert(Array)
#6 C:\xampp\htdocs\proyecto_dan\system\Model.php(730): CodeIgniter\BaseModel->insert(Array, false)
#7 C:\xampp\htdocs\proyecto_dan\system\BaseModel.php(692): CodeIgniter\Model->insert(Array, false)
#8 C:\xampp\htdocs\proyecto_dan\app\Controllers\Paises.php(44): CodeIgniter\BaseModel->save(Array)
#9 C:\xampp\htdocs\proyecto_dan\system\CodeIgniter.php(934): App\Controllers\Paises->insertarPaises()
#10 C:\xampp\htdocs\proyecto_dan\system\CodeIgniter.php(499): CodeIgniter\CodeIgniter->runController(Object(App\Controllers\Paises))
#11 C:\xampp\htdocs\proyecto_dan\system\CodeIgniter.php(368): CodeIgniter\CodeIgniter->handleRequest(NULL, Object(Config\Cache), false)
#12 C:\xampp\htdocs\proyecto_dan\public\index.php(67): CodeIgniter\CodeIgniter->run()
#13 {main}
CRITICAL - 2023-04-04 06:22:56 --> Duplicate entry '57' for key 'codigo'
in SYSTEMPATH\Database\BaseConnection.php on line 645.
 1 SYSTEMPATH\Database\BaseBuilder.php(2309): CodeIgniter\Database\BaseConnection->query('INSERT INTO `paises` (`codigo`, `nombre`, `fecha_crea`) VALUES (:codigo:, :nombre:, :fecha_crea:)', [...], false)
 2 SYSTEMPATH\Model.php(330): CodeIgniter\Database\BaseBuilder->insert()
 3 SYSTEMPATH\BaseModel.php(782): CodeIgniter\Model->doInsert([...])
 4 SYSTEMPATH\Model.php(730): CodeIgniter\BaseModel->insert([...], false)
 5 SYSTEMPATH\BaseModel.php(692): CodeIgniter\Model->insert([...], false)
 6 APPPATH\Controllers\Paises.php(44): CodeIgniter\BaseModel->save([...])
 7 SYSTEMPATH\CodeIgniter.php(934): App\Controllers\Paises->insertarPaises()
 8 SYSTEMPATH\CodeIgniter.php(499): CodeIgniter\CodeIgniter->runController(Object(App\Controllers\Paises))
 9 SYSTEMPATH\CodeIgniter.php(368): CodeIgniter\CodeIgniter->handleRequest(null, Object(Config\Cache), false)
10 FCPATH\index.php(67): CodeIgniter\CodeIgniter->run()
ERROR - 2023-04-04 06:23:42 --> mysqli_sql_exception: Duplicate entry '57' for key 'codigo' in C:\xampp\htdocs\proyecto_dan\system\Database\MySQLi\Connection.php:295
Stack trace:
#0 C:\xampp\htdocs\proyecto_dan\system\Database\MySQLi\Connection.php(295): mysqli->query('INSERT INTO `pa...', 0)
#1 C:\xampp\htdocs\proyecto_dan\system\Database\BaseConnection.php(691): CodeIgniter\Database\MySQLi\Connection->execute('INSERT INTO `pa...')
#2 C:\xampp\htdocs\proyecto_dan\system\Database\BaseConnection.php(605): CodeIgniter\Database\BaseConnection->simpleQuery('INSERT INTO `pa...')
#3 C:\xampp\htdocs\proyecto_dan\system\Database\BaseBuilder.php(2309): CodeIgniter\Database\BaseConnection->query('INSERT INTO `pa...', Array, false)
#4 C:\xampp\htdocs\proyecto_dan\system\Model.php(330): CodeIgniter\Database\BaseBuilder->insert()
#5 C:\xampp\htdocs\proyecto_dan\system\BaseModel.php(782): CodeIgniter\Model->doInsert(Array)
#6 C:\xampp\htdocs\proyecto_dan\system\Model.php(730): CodeIgniter\BaseModel->insert(Array, false)
#7 C:\xampp\htdocs\proyecto_dan\system\BaseModel.php(692): CodeIgniter\Model->insert(Array, false)
#8 C:\xampp\htdocs\proyecto_dan\app\Controllers\Paises.php(44): CodeIgniter\BaseModel->save(Array)
#9 C:\xampp\htdocs\proyecto_dan\system\CodeIgniter.php(934): App\Controllers\Paises->insertarPaises()
#10 C:\xampp\htdocs\proyecto_dan\system\CodeIgniter.php(499): CodeIgniter\CodeIgniter->runController(Object(App\Controllers\Paises))
#11 C:\xampp\htdocs\proyecto_dan\system\CodeIgniter.php(368): CodeIgniter\CodeIgniter->handleRequest(NULL, Object(Config\Cache), false)
#12 C:\xampp\htdocs\proyecto_dan\public\index.php(67): CodeIgniter\CodeIgniter->run()
#13 {main}
CRITICAL - 2023-04-04 06:23:42 --> Duplicate entry '57' for key 'codigo'
in SYSTEMPATH\Database\BaseConnection.php on line 645.
 1 SYSTEMPATH\Database\BaseBuilder.php(2309): CodeIgniter\Database\BaseConnection->query('INSERT INTO `paises` (`codigo`, `nombre`, `fecha_crea`) VALUES (:codigo:, :nombre:, :fecha_crea:)', [...], false)
 2 SYSTEMPATH\Model.php(330): CodeIgniter\Database\BaseBuilder->insert()
 3 SYSTEMPATH\BaseModel.php(782): CodeIgniter\Model->doInsert([...])
 4 SYSTEMPATH\Model.php(730): CodeIgniter\BaseModel->insert([...], false)
 5 SYSTEMPATH\BaseModel.php(692): CodeIgniter\Model->insert([...], false)
 6 APPPATH\Controllers\Paises.php(44): CodeIgniter\BaseModel->save([...])
 7 SYSTEMPATH\CodeIgniter.php(934): App\Controllers\Paises->insertarPaises()
 8 SYSTEMPATH\CodeIgniter.php(499): CodeIgniter\CodeIgniter->runController(Object(App\Controllers\Paises))
 9 SYSTEMPATH\CodeIgniter.php(368): CodeIgniter\CodeIgniter->handleRequest(null, Object(Config\Cache), false)
10 FCPATH\index.php(67): CodeIgniter\CodeIgniter->run()
ERROR - 2023-04-04 06:26:59 --> mysqli_sql_exception: Duplicate entry '57' for key 'codigo' in C:\xampp\htdocs\proyecto_dan\system\Database\MySQLi\Connection.php:295
Stack trace:
#0 C:\xampp\htdocs\proyecto_dan\system\Database\MySQLi\Connection.php(295): mysqli->query('INSERT INTO `pa...', 0)
#1 C:\xampp\htdocs\proyecto_dan\system\Database\BaseConnection.php(691): CodeIgniter\Database\MySQLi\Connection->execute('INSERT INTO `pa...')
#2 C:\xampp\htdocs\proyecto_dan\system\Database\BaseConnection.php(605): CodeIgniter\Database\BaseConnection->simpleQuery('INSERT INTO `pa...')
#3 C:\xampp\htdocs\proyecto_dan\system\Database\BaseBuilder.php(2309): CodeIgniter\Database\BaseConnection->query('INSERT INTO `pa...', Array, false)
#4 C:\xampp\htdocs\proyecto_dan\system\Model.php(330): CodeIgniter\Database\BaseBuilder->insert()
#5 C:\xampp\htdocs\proyecto_dan\system\BaseModel.php(782): CodeIgniter\Model->doInsert(Array)
#6 C:\xampp\htdocs\proyecto_dan\system\Model.php(730): CodeIgniter\BaseModel->insert(Array, false)
#7 C:\xampp\htdocs\proyecto_dan\system\BaseModel.php(692): CodeIgniter\Model->insert(Array, false)
#8 C:\xampp\htdocs\proyecto_dan\app\Controllers\Paises.php(44): CodeIgniter\BaseModel->save(Array)
#9 C:\xampp\htdocs\proyecto_dan\system\CodeIgniter.php(934): App\Controllers\Paises->insertarPaises()
#10 C:\xampp\htdocs\proyecto_dan\system\CodeIgniter.php(499): CodeIgniter\CodeIgniter->runController(Object(App\Controllers\Paises))
#11 C:\xampp\htdocs\proyecto_dan\system\CodeIgniter.php(368): CodeIgniter\CodeIgniter->handleRequest(NULL, Object(Config\Cache), false)
#12 C:\xampp\htdocs\proyecto_dan\public\index.php(67): CodeIgniter\CodeIgniter->run()
#13 {main}
CRITICAL - 2023-04-04 06:26:59 --> Duplicate entry '57' for key 'codigo'
in SYSTEMPATH\Database\BaseConnection.php on line 645.
 1 SYSTEMPATH\Database\BaseBuilder.php(2309): CodeIgniter\Database\BaseConnection->query('INSERT INTO `paises` (`codigo`, `nombre`, `fecha_crea`) VALUES (:codigo:, :nombre:, :fecha_crea:)', [...], false)
 2 SYSTEMPATH\Model.php(330): CodeIgniter\Database\BaseBuilder->insert()
 3 SYSTEMPATH\BaseModel.php(782): CodeIgniter\Model->doInsert([...])
 4 SYSTEMPATH\Model.php(730): CodeIgniter\BaseModel->insert([...], false)
 5 SYSTEMPATH\BaseModel.php(692): CodeIgniter\Model->insert([...], false)
 6 APPPATH\Controllers\Paises.php(44): CodeIgniter\BaseModel->save([...])
 7 SYSTEMPATH\CodeIgniter.php(934): App\Controllers\Paises->insertarPaises()
 8 SYSTEMPATH\CodeIgniter.php(499): CodeIgniter\CodeIgniter->runController(Object(App\Controllers\Paises))
 9 SYSTEMPATH\CodeIgniter.php(368): CodeIgniter\CodeIgniter->handleRequest(null, Object(Config\Cache), false)
10 FCPATH\index.php(67): CodeIgniter\CodeIgniter->run()
